Using pre-set license
Built from '2020.3/staging' branch; Version is '2020.3.21f1 (a38c86f6690f) revision 10718342'; Using compiler version '192528614'; Build Type 'Release'
OS: 'Windows 10 Pro; OS build 22000.348; Version 2009; 64bit' Language: 'en' Physical Memory: 32547 MB
BatchMode: 1, IsHumanControllingUs: 0, StartBugReporterOnCrash: 0, Is64bit: 1, IsPro: 0

COMMAND LINE ARGUMENTS:
D:\Unity\Unity Installs\2020.3.21f1\Editor\Unity.exe
-adb2
-batchMode
-noUpm
-name
AssetImportWorker0
-projectPath
D:/Unity/Tipping Toast Projects/Donkey Poker
-logFile
Logs/AssetImportWorker0.log
-srvPort
58914
Successfully changed project path to: D:/Unity/Tipping Toast Projects/Donkey Poker
D:/Unity/Tipping Toast Projects/Donkey Poker
Using Asset Import Pipeline V2.
Refreshing native plugins compatible for Editor in 29.97 ms, found 2 plugins.
Preloading 0 native plugins for Editor in 0.00 ms.
Initialize engine version: 2020.3.21f1 (a38c86f6690f)
[Subsystems] Discovering subsystems at path D:/Unity/Unity Installs/2020.3.21f1/Editor/Data/Resources/UnitySubsystems
[Subsystems] Discovering subsystems at path D:/Unity/Tipping Toast Projects/Donkey Poker/Assets
GfxDevice: creating device client; threaded=0
Direct3D:
    Version:  Direct3D 11.0 [level 11.1]
    Renderer: NVIDIA GeForce RTX 3070 Laptop GPU (ID=0x249d)
    Vendor:   
    VRAM:     8044 MB
    Driver:   30.0.14.9676
Initialize mono
Mono path[0] = 'D:/Unity/Unity Installs/2020.3.21f1/Editor/Data/Managed'
Mono path[1] = 'D:/Unity/Unity Installs/2020.3.21f1/Editor/Data/MonoBleedingEdge/lib/mono/unityjit'
Mono config path = 'D:/Unity/Unity Installs/2020.3.21f1/Editor/Data/MonoBleedingEdge/etc'
Using monoOptions --debugger-agent=transport=dt_socket,embedding=1,server=y,suspend=n,address=127.0.0.1:56532
Begin MonoManager ReloadAssembly
Registering precompiled unity dll's ...
Register platform support module: D:/Unity/Unity Installs/2020.3.21f1/Editor/Data/PlaybackEngines/WebGLSupport/UnityEditor.WebGL.Extensions.dll
Register platform support module: D:/Unity/Unity Installs/2020.3.21f1/Editor/Data/PlaybackEngines/WindowsStandaloneSupport/UnityEditor.WindowsStandalone.Extensions.dll
Registered in 0.000693 seconds.
Native extension for WindowsStandalone target not found
Native extension for WebGL target not found
Refreshing native plugins compatible for Editor in 29.87 ms, found 2 plugins.
Preloading 0 native plugins for Editor in 0.00 ms.
Mono: successfully reloaded assembly
- Completed reload, in  1.246 seconds
Domain Reload Profiling:
	ReloadAssembly (1246ms)
		BeginReloadAssembly (36ms)
			ExecutionOrderSort (0ms)
			DisableScriptedObjects (0ms)
			BackupInstance (0ms)
			ReleaseScriptingObjects (0ms)
			CreateAndSetChildDomain (1ms)
		EndReloadAssembly (321ms)
			LoadAssemblies (35ms)
			RebuildTransferFunctionScriptingTraits (0ms)
			SetupTypeCache (107ms)
			ReleaseScriptCaches (0ms)
			RebuildScriptCaches (22ms)
			SetupLoadedEditorAssemblies (123ms)
				LogAssemblyErrors (0ms)
				InitializePlatformSupportModulesInManaged (4ms)
				SetLoadedEditorAssemblies (0ms)
				RefreshPlugins (30ms)
				BeforeProcessingInitializeOnLoad (10ms)
				ProcessInitializeOnLoadAttributes (60ms)
				ProcessInitializeOnLoadMethodAttributes (19ms)
				AfterProcessingInitializeOnLoad (0ms)
				EditorAssembliesLoaded (0ms)
			ExecutionOrderSort2 (0ms)
			AwakeInstancesAfterBackupRestoration (0ms)
Platform modules already initialized, skipping
Registering precompiled user dll's ...
Registered in 0.002624 seconds.
Begin MonoManager ReloadAssembly
Native extension for WindowsStandalone target not found
Native extension for WebGL target not found
Refreshing native plugins compatible for Editor in 0.41 ms, found 2 plugins.
Preloading 0 native plugins for Editor in 0.00 ms.
Mono: successfully reloaded assembly
- Completed reload, in  0.766 seconds
Domain Reload Profiling:
	ReloadAssembly (766ms)
		BeginReloadAssembly (101ms)
			ExecutionOrderSort (0ms)
			DisableScriptedObjects (3ms)
			BackupInstance (0ms)
			ReleaseScriptingObjects (0ms)
			CreateAndSetChildDomain (19ms)
		EndReloadAssembly (619ms)
			LoadAssemblies (60ms)
			RebuildTransferFunctionScriptingTraits (0ms)
			SetupTypeCache (216ms)
			ReleaseScriptCaches (0ms)
			RebuildScriptCaches (42ms)
			SetupLoadedEditorAssemblies (234ms)
				LogAssemblyErrors (0ms)
				InitializePlatformSupportModulesInManaged (4ms)
				SetLoadedEditorAssemblies (0ms)
				RefreshPlugins (0ms)
				BeforeProcessingInitializeOnLoad (68ms)
				ProcessInitializeOnLoadAttributes (151ms)
				ProcessInitializeOnLoadMethodAttributes (8ms)
				AfterProcessingInitializeOnLoad (1ms)
				EditorAssembliesLoaded (0ms)
			ExecutionOrderSort2 (0ms)
			AwakeInstancesAfterBackupRestoration (6ms)
Platform modules already initialized, skipping
========================================================================
Worker process is ready to serve import requests
Launched and connected shader compiler UnityShaderCompiler.exe after 0.04 seconds
Refreshing native plugins compatible for Editor in 0.64 ms, found 2 plugins.
Preloading 0 native plugins for Editor in 0.00 ms.
Unloading 1831 Unused Serialized files (Serialized files now loaded: 0)
System memory in use before: 80.8 MB.
System memory in use after: 80.9 MB.

Unloading 24 unused Assets to reduce memory usage. Loaded Objects now: 2261.
Total: 3.706400 ms (FindLiveObjects: 0.302900 ms CreateObjectMapping: 0.082300 ms MarkObjects: 3.270900 ms  DeleteObjects: 0.048700 ms)

AssetImportParameters requested are different than current active one (requested -> active):
  custom:framework-win-MediaFoundation: 216162199b28c13a410421893ffa2e32 -> 
  custom:video-decoder-ogg-theora: a1e56fd34408186e4bbccfd4996cb3dc -> 
  custom:container-muxer-webm: aa71ff27fc2769a1b78a27578f13a17b -> 
  custom:container-demuxer-webm: 4f35f7cbe854078d1ac9338744f61a02 -> 
  custom:container-demuxer-ogg: 62fdf1f143b41e24485cea50d1cbac27 -> 
  custom:video-encoder-webm-vp8: eb34c28f22e8b96e1ab97ce403110664 -> 
  custom:video-decoder-webm-vp8: 9c59270c3fd7afecdb556c50c9e8de78 -> 
  custom:audio-decoder-ogg-vorbis: bf7c407c2cedff20999df2af8eb42d56 -> 
  custom:audio-encoder-webm-vorbis: bf7c407c2cedff20999df2af8eb42d56 -> 
========================================================================
Received Import Request.
  path: Assets
  artifactKey: Guid(00000000000000001000000000000000) Importer(815301076,1909f56bfc062723c751e8b465ee728b)
Start importing Assets using Guid(00000000000000001000000000000000) Importer(815301076,1909f56bfc062723c751e8b465ee728b)  -> (artifact id: '42d402b061de3733987d63b9cc3b64de') in 0.004470 seconds 
  Import took 0.006826 seconds .

========================================================================
Received Import Request.
  Time since last request: 0.000256 seconds.
  path: Assets/Poker
  artifactKey: Guid(76c6ae6dcdc46ec46813a82f18b5a2f1) Importer(815301076,1909f56bfc062723c751e8b465ee728b)
Start importing Assets/Poker using Guid(76c6ae6dcdc46ec46813a82f18b5a2f1) Importer(815301076,1909f56bfc062723c751e8b465ee728b)  -> (artifact id: 'b1b9977db05ec92a9b0dc52753d85982') in 0.001011 seconds 
  Import took 0.003235 seconds .

========================================================================
Received Import Request.
  Time since last request: 0.000156 seconds.
  path: Assets/Scenes
  artifactKey: Guid(a1551e9c8354fe24ab15f8a7b96c0d69) Importer(815301076,1909f56bfc062723c751e8b465ee728b)
Start importing Assets/Scenes using Guid(a1551e9c8354fe24ab15f8a7b96c0d69) Importer(815301076,1909f56bfc062723c751e8b465ee728b)  -> (artifact id: '39f00960ad28747e1c92b58f2d9a3ab6') in 0.000956 seconds 
  Import took 0.002940 seconds .

========================================================================
Received Import Request.
  Time since last request: 0.575557 seconds.
  path: Assets/Poker/AnimationSurface
  artifactKey: Guid(c251d73005d3d4d68b5d60e2b4a36f99) Importer(815301076,1909f56bfc062723c751e8b465ee728b)
Start importing Assets/Poker/AnimationSurface using Guid(c251d73005d3d4d68b5d60e2b4a36f99) Importer(815301076,1909f56bfc062723c751e8b465ee728b)  -> (artifact id: 'c008828e0a1fd2df0a0e41d07dd41542') in 0.001195 seconds 
  Import took 0.003639 seconds .

========================================================================
Received Import Request.
  Time since last request: 0.172391 seconds.
  path: Assets/Poker/Configs
  artifactKey: Guid(a4f5d106dd6f84d4da6db5d3ab815b36) Importer(815301076,1909f56bfc062723c751e8b465ee728b)
Start importing Assets/Poker/Configs using Guid(a4f5d106dd6f84d4da6db5d3ab815b36) Importer(815301076,1909f56bfc062723c751e8b465ee728b)  -> (artifact id: '6d2f84ffd7f80bef6da35c29faf8f76a') in 0.001215 seconds 
  Import took 0.003895 seconds .

========================================================================
Received Import Request.
  Time since last request: 0.173999 seconds.
  path: Assets/Poker/Materials
  artifactKey: Guid(48a1820a0aa27491299ccaf7db9e1dca) Importer(815301076,1909f56bfc062723c751e8b465ee728b)
Start importing Assets/Poker/Materials using Guid(48a1820a0aa27491299ccaf7db9e1dca) Importer(815301076,1909f56bfc062723c751e8b465ee728b)  -> (artifact id: '3d15c2f10b97e42e6c09872f22ddb087') in 0.001153 seconds 
  Import took 0.003675 seconds .

========================================================================
Received Import Request.
  Time since last request: 0.185705 seconds.
  path: Assets/Poker/Meshes
  artifactKey: Guid(6d226454865cc4fa3a4d537037b48247) Importer(815301076,1909f56bfc062723c751e8b465ee728b)
Start importing Assets/Poker/Meshes using Guid(6d226454865cc4fa3a4d537037b48247) Importer(815301076,1909f56bfc062723c751e8b465ee728b)  -> (artifact id: '6c85806918c037a5e2e338bf8dbabaf8') in 0.001385 seconds 
  Import took 0.003874 seconds .

========================================================================
Received Import Request.
  Time since last request: 0.353075 seconds.
  path: Assets/Poker/Prefabs
  artifactKey: Guid(2ca2106d5d050410aa1b54730b276df6) Importer(815301076,1909f56bfc062723c751e8b465ee728b)
Start importing Assets/Poker/Prefabs using Guid(2ca2106d5d050410aa1b54730b276df6) Importer(815301076,1909f56bfc062723c751e8b465ee728b)  -> (artifact id: 'cde3eeb56a9b442776c2a1dc4c2138f2') in 0.001134 seconds 
  Import took 0.003711 seconds .

========================================================================
Received Import Request.
  Time since last request: 0.157260 seconds.
  path: Assets/Poker/Scenes
  artifactKey: Guid(2a70103f1fa814df5a0493a2d2e22e3d) Importer(815301076,1909f56bfc062723c751e8b465ee728b)
Start importing Assets/Poker/Scenes using Guid(2a70103f1fa814df5a0493a2d2e22e3d) Importer(815301076,1909f56bfc062723c751e8b465ee728b)  -> (artifact id: 'a75ce7c2d7663da8e8d002b0906dbb4b') in 0.001153 seconds 
  Import took 0.003697 seconds .

========================================================================
Received Import Request.
  Time since last request: 0.274262 seconds.
  path: Assets/Poker/Scenes/Game
  artifactKey: Guid(ed98793bf2d9648869d90406b0eec562) Importer(815301076,1909f56bfc062723c751e8b465ee728b)
Start importing Assets/Poker/Scenes/Game using Guid(ed98793bf2d9648869d90406b0eec562) Importer(815301076,1909f56bfc062723c751e8b465ee728b)  -> (artifact id: '90e9efa845dcd588d31ae00f1f32d029') in 0.001203 seconds 
  Import took 0.003703 seconds .

========================================================================
Received Import Request.
  Time since last request: 0.782347 seconds.
  path: Assets/Poker/Scenes/Game2DSettings.lighting
  artifactKey: Guid(db779da2ecd20ce43ab4b51bdb7c2e5b) Importer(815301076,1909f56bfc062723c751e8b465ee728b)
Start importing Assets/Poker/Scenes/Game2DSettings.lighting using Guid(db779da2ecd20ce43ab4b51bdb7c2e5b) Importer(815301076,1909f56bfc062723c751e8b465ee728b)  -> (artifact id: '795f7d425bac3590d4a9cd615d2f8324') in 0.021837 seconds 
  Import took 0.024241 seconds .

========================================================================
Received Import Request.
  Time since last request: 2.289458 seconds.
  path: Assets/Poker/Scenes/Photon.unity
  artifactKey: Guid(721ad8549c8d147e995d60c5d3bfcebb) Importer(815301076,1909f56bfc062723c751e8b465ee728b)
Start importing Assets/Poker/Scenes/Photon.unity using Guid(721ad8549c8d147e995d60c5d3bfcebb) Importer(815301076,1909f56bfc062723c751e8b465ee728b)  -> (artifact id: '966385c77d3ccb497001a9008e775b90') in 0.001480 seconds 
  Import took 0.003955 seconds .

========================================================================
Received Prepare
Registering precompiled user dll's ...
Registered in 0.002472 seconds.
Begin MonoManager ReloadAssembly
Native extension for WindowsStandalone target not found
Native extension for WebGL target not found
Refreshing native plugins compatible for Editor in 0.74 ms, found 2 plugins.
Preloading 0 native plugins for Editor in 0.00 ms.
Mono: successfully reloaded assembly
- Completed reload, in  0.991 seconds
Domain Reload Profiling:
	ReloadAssembly (992ms)
		BeginReloadAssembly (117ms)
			ExecutionOrderSort (0ms)
			DisableScriptedObjects (3ms)
			BackupInstance (0ms)
			ReleaseScriptingObjects (0ms)
			CreateAndSetChildDomain (39ms)
		EndReloadAssembly (822ms)
			LoadAssemblies (79ms)
			RebuildTransferFunctionScriptingTraits (0ms)
			SetupTypeCache (269ms)
			ReleaseScriptCaches (1ms)
			RebuildScriptCaches (57ms)
			SetupLoadedEditorAssemblies (306ms)
				LogAssemblyErrors (0ms)
				InitializePlatformSupportModulesInManaged (9ms)
				SetLoadedEditorAssemblies (1ms)
				RefreshPlugins (1ms)
				BeforeProcessingInitializeOnLoad (108ms)
				ProcessInitializeOnLoadAttributes (175ms)
				ProcessInitializeOnLoadMethodAttributes (10ms)
				AfterProcessingInitializeOnLoad (2ms)
				EditorAssembliesLoaded (0ms)
			ExecutionOrderSort2 (0ms)
			AwakeInstancesAfterBackupRestoration (6ms)
Platform modules already initialized, skipping
Refreshing native plugins compatible for Editor in 0.81 ms, found 2 plugins.
Preloading 0 native plugins for Editor in 0.00 ms.
Unloading 1811 Unused Serialized files (Serialized files now loaded: 0)
System memory in use before: 79.2 MB.
System memory in use after: 79.4 MB.

Unloading 19 unused Assets to reduce memory usage. Loaded Objects now: 2264.
Total: 2.911500 ms (FindLiveObjects: 0.176800 ms CreateObjectMapping: 0.049900 ms MarkObjects: 2.654500 ms  DeleteObjects: 0.029000 ms)

AssetImportParameters requested are different than current active one (requested -> active):
  custom:framework-win-MediaFoundation: 216162199b28c13a410421893ffa2e32 -> 
  custom:video-decoder-ogg-theora: a1e56fd34408186e4bbccfd4996cb3dc -> 
  custom:container-muxer-webm: aa71ff27fc2769a1b78a27578f13a17b -> 
  custom:container-demuxer-webm: 4f35f7cbe854078d1ac9338744f61a02 -> 
  custom:container-demuxer-ogg: 62fdf1f143b41e24485cea50d1cbac27 -> 
  custom:video-encoder-webm-vp8: eb34c28f22e8b96e1ab97ce403110664 -> 
  custom:video-decoder-webm-vp8: 9c59270c3fd7afecdb556c50c9e8de78 -> 
  custom:audio-decoder-ogg-vorbis: bf7c407c2cedff20999df2af8eb42d56 -> 
  custom:audio-encoder-webm-vorbis: bf7c407c2cedff20999df2af8eb42d56 -> 
========================================================================
Received Prepare
Registering precompiled user dll's ...
Registered in 0.002523 seconds.
Begin MonoManager ReloadAssembly
Native extension for WindowsStandalone target not found
Native extension for WebGL target not found
Refreshing native plugins compatible for Editor in 0.53 ms, found 2 plugins.
Preloading 0 native plugins for Editor in 0.00 ms.
Mono: successfully reloaded assembly
- Completed reload, in  0.771 seconds
Domain Reload Profiling:
	ReloadAssembly (771ms)
		BeginReloadAssembly (87ms)
			ExecutionOrderSort (0ms)
			DisableScriptedObjects (5ms)
			BackupInstance (0ms)
			ReleaseScriptingObjects (0ms)
			CreateAndSetChildDomain (31ms)
		EndReloadAssembly (642ms)
			LoadAssemblies (60ms)
			RebuildTransferFunctionScriptingTraits (0ms)
			SetupTypeCache (235ms)
			ReleaseScriptCaches (1ms)
			RebuildScriptCaches (35ms)
			SetupLoadedEditorAssemblies (235ms)
				LogAssemblyErrors (0ms)
				InitializePlatformSupportModulesInManaged (4ms)
				SetLoadedEditorAssemblies (0ms)
				RefreshPlugins (1ms)
				BeforeProcessingInitializeOnLoad (70ms)
				ProcessInitializeOnLoadAttributes (151ms)
				ProcessInitializeOnLoadMethodAttributes (8ms)
				AfterProcessingInitializeOnLoad (1ms)
				EditorAssembliesLoaded (0ms)
			ExecutionOrderSort2 (0ms)
			AwakeInstancesAfterBackupRestoration (5ms)
Platform modules already initialized, skipping
Refreshing native plugins compatible for Editor in 0.57 ms, found 2 plugins.
Preloading 0 native plugins for Editor in 0.00 ms.
Unloading 1811 Unused Serialized files (Serialized files now loaded: 0)
System memory in use before: 79.3 MB.
System memory in use after: 79.4 MB.

Unloading 19 unused Assets to reduce memory usage. Loaded Objects now: 2267.
Total: 2.605500 ms (FindLiveObjects: 0.137600 ms CreateObjectMapping: 0.031700 ms MarkObjects: 2.406400 ms  DeleteObjects: 0.028400 ms)

AssetImportParameters requested are different than current active one (requested -> active):
  custom:framework-win-MediaFoundation: 216162199b28c13a410421893ffa2e32 -> 
  custom:video-decoder-ogg-theora: a1e56fd34408186e4bbccfd4996cb3dc -> 
  custom:container-muxer-webm: aa71ff27fc2769a1b78a27578f13a17b -> 
  custom:container-demuxer-webm: 4f35f7cbe854078d1ac9338744f61a02 -> 
  custom:container-demuxer-ogg: 62fdf1f143b41e24485cea50d1cbac27 -> 
  custom:video-encoder-webm-vp8: eb34c28f22e8b96e1ab97ce403110664 -> 
  custom:video-decoder-webm-vp8: 9c59270c3fd7afecdb556c50c9e8de78 -> 
  custom:audio-decoder-ogg-vorbis: bf7c407c2cedff20999df2af8eb42d56 -> 
  custom:audio-encoder-webm-vorbis: bf7c407c2cedff20999df2af8eb42d56 -> 
========================================================================
Received Prepare
Refreshing native plugins compatible for Editor in 2.55 ms, found 2 plugins.
Preloading 0 native plugins for Editor in 0.00 ms.
Unloading 17 Unused Serialized files (Serialized files now loaded: 0)
System memory in use before: 43.8 MB.
System memory in use after: 43.9 MB.

Unloading 17 unused Assets to reduce memory usage. Loaded Objects now: 2267.
Total: 2.461600 ms (FindLiveObjects: 0.135200 ms CreateObjectMapping: 0.038500 ms MarkObjects: 2.274000 ms  DeleteObjects: 0.012800 ms)

AssetImportParameters requested are different than current active one (requested -> active):
  custom:framework-win-MediaFoundation: 216162199b28c13a410421893ffa2e32 -> 
  custom:video-decoder-ogg-theora: a1e56fd34408186e4bbccfd4996cb3dc -> 
  custom:container-muxer-webm: aa71ff27fc2769a1b78a27578f13a17b -> 
  custom:container-demuxer-webm: 4f35f7cbe854078d1ac9338744f61a02 -> 
  custom:container-demuxer-ogg: 62fdf1f143b41e24485cea50d1cbac27 -> 
  custom:video-encoder-webm-vp8: eb34c28f22e8b96e1ab97ce403110664 -> 
  custom:video-decoder-webm-vp8: 9c59270c3fd7afecdb556c50c9e8de78 -> 
  custom:audio-decoder-ogg-vorbis: bf7c407c2cedff20999df2af8eb42d56 -> 
  custom:audio-encoder-webm-vorbis: bf7c407c2cedff20999df2af8eb42d56 -> 
========================================================================
Received Prepare
Registering precompiled user dll's ...
Registered in 0.003425 seconds.
Begin MonoManager ReloadAssembly
Native extension for WindowsStandalone target not found
Native extension for WebGL target not found
Refreshing native plugins compatible for Editor in 1.45 ms, found 2 plugins.
Preloading 0 native plugins for Editor in 0.00 ms.
Mono: successfully reloaded assembly
- Completed reload, in  1.112 seconds
Domain Reload Profiling:
	ReloadAssembly (1113ms)
		BeginReloadAssembly (129ms)
			ExecutionOrderSort (0ms)
			DisableScriptedObjects (5ms)
			BackupInstance (0ms)
			ReleaseScriptingObjects (0ms)
			CreateAndSetChildDomain (56ms)
		EndReloadAssembly (915ms)
			LoadAssemblies (99ms)
			RebuildTransferFunctionScriptingTraits (0ms)
			SetupTypeCache (334ms)
			ReleaseScriptCaches (3ms)
			RebuildScriptCaches (46ms)
			SetupLoadedEditorAssemblies (331ms)
				LogAssemblyErrors (0ms)
				InitializePlatformSupportModulesInManaged (7ms)
				SetLoadedEditorAssemblies (0ms)
				RefreshPlugins (2ms)
				BeforeProcessingInitializeOnLoad (95ms)
				ProcessInitializeOnLoadAttributes (212ms)
				ProcessInitializeOnLoadMethodAttributes (13ms)
				AfterProcessingInitializeOnLoad (2ms)
				EditorAssembliesLoaded (0ms)
			ExecutionOrderSort2 (0ms)
			AwakeInstancesAfterBackupRestoration (9ms)
Platform modules already initialized, skipping
Refreshing native plugins compatible for Editor in 0.58 ms, found 2 plugins.
Preloading 0 native plugins for Editor in 0.00 ms.
Unloading 1811 Unused Serialized files (Serialized files now loaded: 0)
System memory in use before: 79.3 MB.
System memory in use after: 79.4 MB.

Unloading 19 unused Assets to reduce memory usage. Loaded Objects now: 2270.
Total: 3.655400 ms (FindLiveObjects: 0.243100 ms CreateObjectMapping: 0.057800 ms MarkObjects: 3.293100 ms  DeleteObjects: 0.058600 ms)

AssetImportParameters requested are different than current active one (requested -> active):
  custom:framework-win-MediaFoundation: 216162199b28c13a410421893ffa2e32 -> 
  custom:video-decoder-ogg-theora: a1e56fd34408186e4bbccfd4996cb3dc -> 
  custom:container-muxer-webm: aa71ff27fc2769a1b78a27578f13a17b -> 
  custom:container-demuxer-webm: 4f35f7cbe854078d1ac9338744f61a02 -> 
  custom:container-demuxer-ogg: 62fdf1f143b41e24485cea50d1cbac27 -> 
  custom:video-encoder-webm-vp8: eb34c28f22e8b96e1ab97ce403110664 -> 
  custom:video-decoder-webm-vp8: 9c59270c3fd7afecdb556c50c9e8de78 -> 
  custom:audio-decoder-ogg-vorbis: bf7c407c2cedff20999df2af8eb42d56 -> 
  custom:audio-encoder-webm-vorbis: bf7c407c2cedff20999df2af8eb42d56 -> 
========================================================================
Received Prepare
Registering precompiled user dll's ...
Registered in 0.002453 seconds.
Begin MonoManager ReloadAssembly
Native extension for WindowsStandalone target not found
Native extension for WebGL target not found
Refreshing native plugins compatible for Editor in 0.45 ms, found 2 plugins.
Preloading 0 native plugins for Editor in 0.00 ms.
Mono: successfully reloaded assembly
- Completed reload, in  0.804 seconds
Domain Reload Profiling:
	ReloadAssembly (804ms)
		BeginReloadAssembly (90ms)
			ExecutionOrderSort (0ms)
			DisableScriptedObjects (3ms)
			BackupInstance (0ms)
			ReleaseScriptingObjects (0ms)
			CreateAndSetChildDomain (30ms)
		EndReloadAssembly (662ms)
			LoadAssemblies (65ms)
			RebuildTransferFunctionScriptingTraits (0ms)
			SetupTypeCache (238ms)
			ReleaseScriptCaches (1ms)
			RebuildScriptCaches (36ms)
			SetupLoadedEditorAssemblies (239ms)
				LogAssemblyErrors (0ms)
				InitializePlatformSupportModulesInManaged (6ms)
				SetLoadedEditorAssemblies (0ms)
				RefreshPlugins (1ms)
				BeforeProcessingInitializeOnLoad (66ms)
				ProcessInitializeOnLoadAttributes (157ms)
				ProcessInitializeOnLoadMethodAttributes (8ms)
				AfterProcessingInitializeOnLoad (1ms)
				EditorAssembliesLoaded (0ms)
			ExecutionOrderSort2 (0ms)
			AwakeInstancesAfterBackupRestoration (5ms)
Platform modules already initialized, skipping
Refreshing native plugins compatible for Editor in 0.59 ms, found 2 plugins.
Preloading 0 native plugins for Editor in 0.00 ms.
Unloading 1811 Unused Serialized files (Serialized files now loaded: 0)
System memory in use before: 79.3 MB.
System memory in use after: 79.4 MB.

Unloading 19 unused Assets to reduce memory usage. Loaded Objects now: 2273.
Total: 2.388000 ms (FindLiveObjects: 0.131500 ms CreateObjectMapping: 0.030200 ms MarkObjects: 2.206000 ms  DeleteObjects: 0.019000 ms)

AssetImportParameters requested are different than current active one (requested -> active):
  custom:framework-win-MediaFoundation: 216162199b28c13a410421893ffa2e32 -> 
  custom:video-decoder-ogg-theora: a1e56fd34408186e4bbccfd4996cb3dc -> 
  custom:container-muxer-webm: aa71ff27fc2769a1b78a27578f13a17b -> 
  custom:container-demuxer-webm: 4f35f7cbe854078d1ac9338744f61a02 -> 
  custom:container-demuxer-ogg: 62fdf1f143b41e24485cea50d1cbac27 -> 
  custom:video-encoder-webm-vp8: eb34c28f22e8b96e1ab97ce403110664 -> 
  custom:video-decoder-webm-vp8: 9c59270c3fd7afecdb556c50c9e8de78 -> 
  custom:audio-decoder-ogg-vorbis: bf7c407c2cedff20999df2af8eb42d56 -> 
  custom:audio-encoder-webm-vorbis: bf7c407c2cedff20999df2af8eb42d56 -> 
========================================================================
Received Prepare
Registering precompiled user dll's ...
Registered in 0.002775 seconds.
Begin MonoManager ReloadAssembly
Native extension for WindowsStandalone target not found
Native extension for WebGL target not found
Refreshing native plugins compatible for Editor in 0.44 ms, found 2 plugins.
Preloading 0 native plugins for Editor in 0.00 ms.
Mono: successfully reloaded assembly
- Completed reload, in  0.718 seconds
Domain Reload Profiling:
	ReloadAssembly (718ms)
		BeginReloadAssembly (88ms)
			ExecutionOrderSort (0ms)
			DisableScriptedObjects (3ms)
			BackupInstance (0ms)
			ReleaseScriptingObjects (0ms)
			CreateAndSetChildDomain (28ms)
		EndReloadAssembly (586ms)
			LoadAssemblies (62ms)
			RebuildTransferFunctionScriptingTraits (0ms)
			SetupTypeCache (212ms)
			ReleaseScriptCaches (1ms)
			RebuildScriptCaches (33ms)
			SetupLoadedEditorAssemblies (215ms)
				LogAssemblyErrors (0ms)
				InitializePlatformSupportModulesInManaged (5ms)
				SetLoadedEditorAssemblies (0ms)
				RefreshPlugins (0ms)
				BeforeProcessingInitializeOnLoad (62ms)
				ProcessInitializeOnLoadAttributes (138ms)
				ProcessInitializeOnLoadMethodAttributes (8ms)
				AfterProcessingInitializeOnLoad (2ms)
				EditorAssembliesLoaded (0ms)
			ExecutionOrderSort2 (0ms)
			AwakeInstancesAfterBackupRestoration (5ms)
Platform modules already initialized, skipping
Refreshing native plugins compatible for Editor in 0.45 ms, found 2 plugins.
Preloading 0 native plugins for Editor in 0.00 ms.
Unloading 1811 Unused Serialized files (Serialized files now loaded: 0)
System memory in use before: 79.3 MB.
System memory in use after: 79.4 MB.

Unloading 19 unused Assets to reduce memory usage. Loaded Objects now: 2276.
Total: 2.398400 ms (FindLiveObjects: 0.129700 ms CreateObjectMapping: 0.029100 ms MarkObjects: 2.219000 ms  DeleteObjects: 0.019100 ms)

AssetImportParameters requested are different than current active one (requested -> active):
  custom:framework-win-MediaFoundation: 216162199b28c13a410421893ffa2e32 -> 
  custom:video-decoder-ogg-theora: a1e56fd34408186e4bbccfd4996cb3dc -> 
  custom:container-muxer-webm: aa71ff27fc2769a1b78a27578f13a17b -> 
  custom:container-demuxer-webm: 4f35f7cbe854078d1ac9338744f61a02 -> 
  custom:container-demuxer-ogg: 62fdf1f143b41e24485cea50d1cbac27 -> 
  custom:video-encoder-webm-vp8: eb34c28f22e8b96e1ab97ce403110664 -> 
  custom:video-decoder-webm-vp8: 9c59270c3fd7afecdb556c50c9e8de78 -> 
  custom:audio-decoder-ogg-vorbis: bf7c407c2cedff20999df2af8eb42d56 -> 
  custom:audio-encoder-webm-vorbis: bf7c407c2cedff20999df2af8eb42d56 -> 
========================================================================
Received Prepare
Registering precompiled user dll's ...
Registered in 0.002465 seconds.
Begin MonoManager ReloadAssembly
Native extension for WindowsStandalone target not found
Native extension for WebGL target not found
Refreshing native plugins compatible for Editor in 0.43 ms, found 2 plugins.
Preloading 0 native plugins for Editor in 0.00 ms.
Mono: successfully reloaded assembly
- Completed reload, in  0.715 seconds
Domain Reload Profiling:
	ReloadAssembly (716ms)
		BeginReloadAssembly (94ms)
			ExecutionOrderSort (0ms)
			DisableScriptedObjects (4ms)
			BackupInstance (0ms)
			ReleaseScriptingObjects (0ms)
			CreateAndSetChildDomain (28ms)
		EndReloadAssembly (580ms)
			LoadAssemblies (60ms)
			RebuildTransferFunctionScriptingTraits (0ms)
			SetupTypeCache (207ms)
			ReleaseScriptCaches (1ms)
			RebuildScriptCaches (33ms)
			SetupLoadedEditorAssemblies (214ms)
				LogAssemblyErrors (0ms)
				InitializePlatformSupportModulesInManaged (4ms)
				SetLoadedEditorAssemblies (0ms)
				RefreshPlugins (0ms)
				BeforeProcessingInitializeOnLoad (63ms)
				ProcessInitializeOnLoadAttributes (136ms)
				ProcessInitializeOnLoadMethodAttributes (8ms)
				AfterProcessingInitializeOnLoad (1ms)
				EditorAssembliesLoaded (0ms)
			ExecutionOrderSort2 (0ms)
			AwakeInstancesAfterBackupRestoration (5ms)
Platform modules already initialized, skipping
Refreshing native plugins compatible for Editor in 0.45 ms, found 2 plugins.
Preloading 0 native plugins for Editor in 0.00 ms.
Unloading 1811 Unused Serialized files (Serialized files now loaded: 0)
System memory in use before: 79.3 MB.
System memory in use after: 79.4 MB.

Unloading 19 unused Assets to reduce memory usage. Loaded Objects now: 2279.
Total: 2.485400 ms (FindLiveObjects: 0.129300 ms CreateObjectMapping: 0.028800 ms MarkObjects: 2.302800 ms  DeleteObjects: 0.023400 ms)

AssetImportParameters requested are different than current active one (requested -> active):
  custom:framework-win-MediaFoundation: 216162199b28c13a410421893ffa2e32 -> 
  custom:video-decoder-ogg-theora: a1e56fd34408186e4bbccfd4996cb3dc -> 
  custom:container-muxer-webm: aa71ff27fc2769a1b78a27578f13a17b -> 
  custom:container-demuxer-webm: 4f35f7cbe854078d1ac9338744f61a02 -> 
  custom:container-demuxer-ogg: 62fdf1f143b41e24485cea50d1cbac27 -> 
  custom:video-encoder-webm-vp8: eb34c28f22e8b96e1ab97ce403110664 -> 
  custom:video-decoder-webm-vp8: 9c59270c3fd7afecdb556c50c9e8de78 -> 
  custom:audio-decoder-ogg-vorbis: bf7c407c2cedff20999df2af8eb42d56 -> 
  custom:audio-encoder-webm-vorbis: bf7c407c2cedff20999df2af8eb42d56 -> 
========================================================================
Received Prepare
Registering precompiled user dll's ...
Registered in 0.002397 seconds.
Begin MonoManager ReloadAssembly
Native extension for WindowsStandalone target not found
Native extension for WebGL target not found
Refreshing native plugins compatible for Editor in 0.43 ms, found 2 plugins.
Preloading 0 native plugins for Editor in 0.00 ms.
Mono: successfully reloaded assembly
- Completed reload, in  0.702 seconds
Domain Reload Profiling:
	ReloadAssembly (703ms)
		BeginReloadAssembly (78ms)
			ExecutionOrderSort (0ms)
			DisableScriptedObjects (3ms)
			BackupInstance (0ms)
			ReleaseScriptingObjects (0ms)
			CreateAndSetChildDomain (29ms)
		EndReloadAssembly (581ms)
			LoadAssemblies (60ms)
			RebuildTransferFunctionScriptingTraits (0ms)
			SetupTypeCache (204ms)
			ReleaseScriptCaches (1ms)
			RebuildScriptCaches (33ms)
			SetupLoadedEditorAssemblies (215ms)
				LogAssemblyErrors (0ms)
				InitializePlatformSupportModulesInManaged (5ms)
				SetLoadedEditorAssemblies (0ms)
				RefreshPlugins (0ms)
				BeforeProcessingInitializeOnLoad (63ms)
				ProcessInitializeOnLoadAttributes (137ms)
				ProcessInitializeOnLoadMethodAttributes (8ms)
				AfterProcessingInitializeOnLoad (1ms)
				EditorAssembliesLoaded (0ms)
			ExecutionOrderSort2 (0ms)
			AwakeInstancesAfterBackupRestoration (5ms)
Platform modules already initialized, skipping
Refreshing native plugins compatible for Editor in 0.43 ms, found 2 plugins.
Preloading 0 native plugins for Editor in 0.00 ms.
Unloading 1811 Unused Serialized files (Serialized files now loaded: 0)
System memory in use before: 79.3 MB.
System memory in use after: 79.4 MB.

Unloading 19 unused Assets to reduce memory usage. Loaded Objects now: 2282.
Total: 2.700900 ms (FindLiveObjects: 0.163700 ms CreateObjectMapping: 0.028400 ms MarkObjects: 2.468200 ms  DeleteObjects: 0.023900 ms)

AssetImportParameters requested are different than current active one (requested -> active):
  custom:framework-win-MediaFoundation: 216162199b28c13a410421893ffa2e32 -> 
  custom:video-decoder-ogg-theora: a1e56fd34408186e4bbccfd4996cb3dc -> 
  custom:container-muxer-webm: aa71ff27fc2769a1b78a27578f13a17b -> 
  custom:container-demuxer-webm: 4f35f7cbe854078d1ac9338744f61a02 -> 
  custom:container-demuxer-ogg: 62fdf1f143b41e24485cea50d1cbac27 -> 
  custom:video-encoder-webm-vp8: eb34c28f22e8b96e1ab97ce403110664 -> 
  custom:video-decoder-webm-vp8: 9c59270c3fd7afecdb556c50c9e8de78 -> 
  custom:audio-decoder-ogg-vorbis: bf7c407c2cedff20999df2af8eb42d56 -> 
  custom:audio-encoder-webm-vorbis: bf7c407c2cedff20999df2af8eb42d56 -> 
========================================================================
Received Prepare
Refreshing native plugins compatible for Editor in 2.36 ms, found 2 plugins.
Preloading 0 native plugins for Editor in 0.00 ms.
Unloading 17 Unused Serialized files (Serialized files now loaded: 0)
System memory in use before: 43.9 MB.
System memory in use after: 44.0 MB.

Unloading 17 unused Assets to reduce memory usage. Loaded Objects now: 2282.
Total: 2.638900 ms (FindLiveObjects: 0.153200 ms CreateObjectMapping: 0.044100 ms MarkObjects: 2.425300 ms  DeleteObjects: 0.015400 ms)

AssetImportParameters requested are different than current active one (requested -> active):
  custom:framework-win-MediaFoundation: 216162199b28c13a410421893ffa2e32 -> 
  custom:video-decoder-ogg-theora: a1e56fd34408186e4bbccfd4996cb3dc -> 
  custom:container-muxer-webm: aa71ff27fc2769a1b78a27578f13a17b -> 
  custom:container-demuxer-webm: 4f35f7cbe854078d1ac9338744f61a02 -> 
  custom:container-demuxer-ogg: 62fdf1f143b41e24485cea50d1cbac27 -> 
  custom:video-encoder-webm-vp8: eb34c28f22e8b96e1ab97ce403110664 -> 
  custom:video-decoder-webm-vp8: 9c59270c3fd7afecdb556c50c9e8de78 -> 
  custom:audio-decoder-ogg-vorbis: bf7c407c2cedff20999df2af8eb42d56 -> 
  custom:audio-encoder-webm-vorbis: bf7c407c2cedff20999df2af8eb42d56 -> 
========================================================================
Received Prepare
Registering precompiled user dll's ...
Registered in 0.004285 seconds.
Begin MonoManager ReloadAssembly
Native extension for WindowsStandalone target not found
Native extension for WebGL target not found
Refreshing native plugins compatible for Editor in 0.47 ms, found 2 plugins.
Preloading 0 native plugins for Editor in 0.00 ms.
Mono: successfully reloaded assembly
- Completed reload, in  1.039 seconds
Domain Reload Profiling:
	ReloadAssembly (1040ms)
		BeginReloadAssembly (123ms)
			ExecutionOrderSort (0ms)
			DisableScriptedObjects (4ms)
			BackupInstance (0ms)
			ReleaseScriptingObjects (0ms)
			CreateAndSetChildDomain (53ms)
		EndReloadAssembly (862ms)
			LoadAssemblies (86ms)
			RebuildTransferFunctionScriptingTraits (0ms)
			SetupTypeCache (302ms)
			ReleaseScriptCaches (2ms)
			RebuildScriptCaches (54ms)
			SetupLoadedEditorAssemblies (321ms)
				LogAssemblyErrors (0ms)
				InitializePlatformSupportModulesInManaged (8ms)
				SetLoadedEditorAssemblies (0ms)
				RefreshPlugins (1ms)
				BeforeProcessingInitializeOnLoad (105ms)
				ProcessInitializeOnLoadAttributes (193ms)
				ProcessInitializeOnLoadMethodAttributes (12ms)
				AfterProcessingInitializeOnLoad (2ms)
				EditorAssembliesLoaded (0ms)
			ExecutionOrderSort2 (0ms)
			AwakeInstancesAfterBackupRestoration (7ms)
Platform modules already initialized, skipping
Refreshing native plugins compatible for Editor in 1.14 ms, found 2 plugins.
Preloading 0 native plugins for Editor in 0.00 ms.
Unloading 1811 Unused Serialized files (Serialized files now loaded: 0)
System memory in use before: 79.3 MB.
System memory in use after: 79.5 MB.

Unloading 19 unused Assets to reduce memory usage. Loaded Objects now: 2285.
Total: 4.333300 ms (FindLiveObjects: 0.163800 ms CreateObjectMapping: 0.036600 ms MarkObjects: 4.096000 ms  DeleteObjects: 0.035000 ms)

AssetImportParameters requested are different than current active one (requested -> active):
  custom:framework-win-MediaFoundation: 216162199b28c13a410421893ffa2e32 -> 
  custom:video-decoder-ogg-theora: a1e56fd34408186e4bbccfd4996cb3dc -> 
  custom:container-muxer-webm: aa71ff27fc2769a1b78a27578f13a17b -> 
  custom:container-demuxer-webm: 4f35f7cbe854078d1ac9338744f61a02 -> 
  custom:container-demuxer-ogg: 62fdf1f143b41e24485cea50d1cbac27 -> 
  custom:video-encoder-webm-vp8: eb34c28f22e8b96e1ab97ce403110664 -> 
  custom:video-decoder-webm-vp8: 9c59270c3fd7afecdb556c50c9e8de78 -> 
  custom:audio-decoder-ogg-vorbis: bf7c407c2cedff20999df2af8eb42d56 -> 
  custom:audio-encoder-webm-vorbis: bf7c407c2cedff20999df2af8eb42d56 -> 
========================================================================
Received Import Request.
  Time since last request: 707.955046 seconds.
  path: Assets/Poker/Scenes/Game.unity
  artifactKey: Guid(25b11a77b66f845c2ac2689603d8af47) Importer(815301076,1909f56bfc062723c751e8b465ee728b)
Start importing Assets/Poker/Scenes/Game.unity using Guid(25b11a77b66f845c2ac2689603d8af47) Importer(815301076,1909f56bfc062723c751e8b465ee728b)  -> (artifact id: '0050efe55f2717886431fc1eeddf5c33') in 0.027141 seconds 
  Import took 0.030339 seconds .

========================================================================
Received Import Request.
  Time since last request: 72.886559 seconds.
  path: Assets/Poker/Scripts
  artifactKey: Guid(66585e85e621d419f85ce1b1fc781b83) Importer(815301076,1909f56bfc062723c751e8b465ee728b)
Start importing Assets/Poker/Scripts using Guid(66585e85e621d419f85ce1b1fc781b83) Importer(815301076,1909f56bfc062723c751e8b465ee728b)  -> (artifact id: '018233bcce1f24042c59b4652641d753') in 0.001166 seconds 
  Import took 0.003568 seconds .

========================================================================
Received Import Request.
  Time since last request: 2.210265 seconds.
  path: Assets/Poker/Prefabs/ChipsSkins
  artifactKey: Guid(684ab036bc6154813bb6f5a9d2628d08) Importer(815301076,1909f56bfc062723c751e8b465ee728b)
Start importing Assets/Poker/Prefabs/ChipsSkins using Guid(684ab036bc6154813bb6f5a9d2628d08) Importer(815301076,1909f56bfc062723c751e8b465ee728b)  -> (artifact id: 'dc927cba88ca4fb582fda15a7f6205bf') in 0.001163 seconds 
  Import took 0.004049 seconds .

========================================================================
Received Import Request.
  Time since last request: 0.314909 seconds.
  path: Assets/Poker/Prefabs/ChipsSkins2D
  artifactKey: Guid(75b29bfc5c43f413980f4c48698cdad4) Importer(815301076,1909f56bfc062723c751e8b465ee728b)
Start importing Assets/Poker/Prefabs/ChipsSkins2D using Guid(75b29bfc5c43f413980f4c48698cdad4) Importer(815301076,1909f56bfc062723c751e8b465ee728b)  -> (artifact id: '0d1028e6b2d3c14220f9a30394c79b19') in 0.001064 seconds 
  Import took 0.003531 seconds .

========================================================================
Received Import Request.
  Time since last request: 0.296474 seconds.
  path: Assets/Poker/Prefabs/UI
  artifactKey: Guid(966728491537b4c88ab330684ffa6e71) Importer(815301076,1909f56bfc062723c751e8b465ee728b)
Start importing Assets/Poker/Prefabs/UI using Guid(966728491537b4c88ab330684ffa6e71) Importer(815301076,1909f56bfc062723c751e8b465ee728b)  -> (artifact id: '09f840a57f01f17df28a9d9e4a5e3bbf') in 0.001141 seconds 
  Import took 0.003565 seconds .

========================================================================
Received Import Request.
  Time since last request: 1.587513 seconds.
  path: Assets/Poker/Prefabs/CardManager.prefab
  artifactKey: Guid(3cddc7584d6074e2d8a571efdb4faf11) Importer(815301076,1909f56bfc062723c751e8b465ee728b)
Start importing Assets/Poker/Prefabs/CardManager.prefab using Guid(3cddc7584d6074e2d8a571efdb4faf11) Importer(815301076,1909f56bfc062723c751e8b465ee728b)  -> (artifact id: '9e0b6a17089d5593a5cf6a9b40d8082c') in 0.017613 seconds 
  Import took 0.020765 seconds .

========================================================================
Received Import Request.
  Time since last request: 13.558858 seconds.
  path: Assets/Poker/Prefabs/ChipManager.prefab
  artifactKey: Guid(c38008d7bf245410ab7a8bdd7f5b3e3f) Importer(815301076,1909f56bfc062723c751e8b465ee728b)
Start importing Assets/Poker/Prefabs/ChipManager.prefab using Guid(c38008d7bf245410ab7a8bdd7f5b3e3f) Importer(815301076,1909f56bfc062723c751e8b465ee728b)  -> (artifact id: '2e21e0b609a6a0694a7067ffeadf7d99') in 0.051472 seconds 
  Import took 0.054015 seconds .

========================================================================
Received Import Request.
  Time since last request: 9.484904 seconds.
  path: Assets/Poker/Server Simulator
  artifactKey: Guid(b6a1c374b309c4aa7b9724e6ccf47d26) Importer(815301076,1909f56bfc062723c751e8b465ee728b)
Start importing Assets/Poker/Server Simulator using Guid(b6a1c374b309c4aa7b9724e6ccf47d26) Importer(815301076,1909f56bfc062723c751e8b465ee728b)  -> (artifact id: '7a98060a309104ad58647e1333c2358f') in 0.001127 seconds 
  Import took 0.003663 seconds .

========================================================================
Received Import Request.
  Time since last request: 6.615037 seconds.
  path: Assets/Poker/Prefabs/CardManager2D.prefab
  artifactKey: Guid(6695559d6d34941c9bb016db59962922) Importer(815301076,1909f56bfc062723c751e8b465ee728b)
Start importing Assets/Poker/Prefabs/CardManager2D.prefab using Guid(6695559d6d34941c9bb016db59962922) Importer(815301076,1909f56bfc062723c751e8b465ee728b)  -> (artifact id: 'e07d0722b63617c28257f80b2c6c8b88') in 0.008252 seconds 
  Import took 0.010893 seconds .

========================================================================
Received Import Request.
  Time since last request: 70.244284 seconds.
  path: Assets/Poker/Textures
  artifactKey: Guid(2c17488e417604befa1035cf27110d22) Importer(815301076,1909f56bfc062723c751e8b465ee728b)
Start importing Assets/Poker/Textures using Guid(2c17488e417604befa1035cf27110d22) Importer(815301076,1909f56bfc062723c751e8b465ee728b)  -> (artifact id: '30af7573287755ccedbf57e75ccceed4') in 0.001224 seconds 
  Import took 0.003821 seconds .

========================================================================
Received Import Request.
  Time since last request: 5.929681 seconds.
  path: Assets/Poker/Sprites
  artifactKey: Guid(602b1892296ef4a959e986bb6ae520d1) Importer(815301076,1909f56bfc062723c751e8b465ee728b)
Start importing Assets/Poker/Sprites using Guid(602b1892296ef4a959e986bb6ae520d1) Importer(815301076,1909f56bfc062723c751e8b465ee728b)  -> (artifact id: '8df0ad4453ec9318b266a889ece8fc32') in 0.001088 seconds 
  Import took 0.003861 seconds .

========================================================================
Received Import Request.
  Time since last request: 0.886555 seconds.
  path: Assets/Poker/Prefabs/PlayerSeat.prefab
  artifactKey: Guid(239984b5cec6b48148dad224f7a84d5a) Importer(815301076,1909f56bfc062723c751e8b465ee728b)
Start importing Assets/Poker/Prefabs/PlayerSeat.prefab using Guid(239984b5cec6b48148dad224f7a84d5a) Importer(815301076,1909f56bfc062723c751e8b465ee728b)  -> (artifact id: '99013d65316f29a88d1e6b748dd77ddf') in 0.023672 seconds 
  Import took 0.027148 seconds .

========================================================================
Received Import Request.
  Time since last request: 0.324910 seconds.
  path: Assets/Poker/Prefabs/PlayerSeat 2D.prefab
  artifactKey: Guid(2cbd65310ef68429f9c334031d38287d) Importer(815301076,1909f56bfc062723c751e8b465ee728b)
Start importing Assets/Poker/Prefabs/PlayerSeat 2D.prefab using Guid(2cbd65310ef68429f9c334031d38287d) Importer(815301076,1909f56bfc062723c751e8b465ee728b)  -> (artifact id: '411d62afd12c70e72826ec236254116f') in 0.010199 seconds 
  Import took 0.012902 seconds .

========================================================================
Received Import Request.
  Time since last request: 0.176481 seconds.
  path: Assets/Poker/Prefabs/ChipManager2D.prefab
  artifactKey: Guid(d32a8743721f2423f9522b769b92bad4) Importer(815301076,1909f56bfc062723c751e8b465ee728b)
Start importing Assets/Poker/Prefabs/ChipManager2D.prefab using Guid(d32a8743721f2423f9522b769b92bad4) Importer(815301076,1909f56bfc062723c751e8b465ee728b)  -> (artifact id: '2f89a1cf83d9e105d4b23999dd807f0d') in 0.003037 seconds 
  Import took 0.005494 seconds .

========================================================================
Received Import Request.
  Time since last request: 505.684702 seconds.
  path: Assets/Poker/Sprites/CardsDeck.png
  artifactKey: Guid(c92c9a8e679374a8e8a2d5c73d83710b) Importer(815301076,1909f56bfc062723c751e8b465ee728b)
Start importing Assets/Poker/Sprites/CardsDeck.png using Guid(c92c9a8e679374a8e8a2d5c73d83710b) Importer(815301076,1909f56bfc062723c751e8b465ee728b)  -> (artifact id: '9328a68548abe230d5994036b8327088') in 0.214848 seconds 
  Import took 0.221672 seconds .

========================================================================
Received Prepare
Registering precompiled user dll's ...
Registered in 0.002593 seconds.
Begin MonoManager ReloadAssembly
Native extension for WindowsStandalone target not found
Native extension for WebGL target not found
Refreshing native plugins compatible for Editor in 0.47 ms, found 2 plugins.
Preloading 0 native plugins for Editor in 0.00 ms.
Mono: successfully reloaded assembly
- Completed reload, in  0.792 seconds
Domain Reload Profiling:
	ReloadAssembly (793ms)
		BeginReloadAssembly (92ms)
			ExecutionOrderSort (0ms)
			DisableScriptedObjects (3ms)
			BackupInstance (0ms)
			ReleaseScriptingObjects (0ms)
			CreateAndSetChildDomain (35ms)
		EndReloadAssembly (655ms)
			LoadAssemblies (68ms)
			RebuildTransferFunctionScriptingTraits (0ms)
			SetupTypeCache (240ms)
			ReleaseScriptCaches (1ms)
			RebuildScriptCaches (34ms)
			SetupLoadedEditorAssemblies (238ms)
				LogAssemblyErrors (0ms)
				InitializePlatformSupportModulesInManaged (5ms)
				SetLoadedEditorAssemblies (0ms)
				RefreshPlugins (1ms)
				BeforeProcessingInitializeOnLoad (73ms)
				ProcessInitializeOnLoadAttributes (150ms)
				ProcessInitializeOnLoadMethodAttributes (8ms)
				AfterProcessingInitializeOnLoad (1ms)
				EditorAssembliesLoaded (0ms)
			ExecutionOrderSort2 (0ms)
			AwakeInstancesAfterBackupRestoration (6ms)
Platform modules already initialized, skipping
Refreshing native plugins compatible for Editor in 0.47 ms, found 2 plugins.
Preloading 0 native plugins for Editor in 0.00 ms.
Unloading 1811 Unused Serialized files (Serialized files now loaded: 0)
System memory in use before: 82.7 MB.
System memory in use after: 82.8 MB.

Unloading 20 unused Assets to reduce memory usage. Loaded Objects now: 2314.
Total: 2.823600 ms (FindLiveObjects: 0.130800 ms CreateObjectMapping: 0.030500 ms MarkObjects: 2.635700 ms  DeleteObjects: 0.025800 ms)

AssetImportParameters requested are different than current active one (requested -> active):
  custom:framework-win-MediaFoundation: 216162199b28c13a410421893ffa2e32 -> 
  custom:video-decoder-ogg-theora: a1e56fd34408186e4bbccfd4996cb3dc -> 
  custom:container-muxer-webm: aa71ff27fc2769a1b78a27578f13a17b -> 
  custom:container-demuxer-webm: 4f35f7cbe854078d1ac9338744f61a02 -> 
  custom:container-demuxer-ogg: 62fdf1f143b41e24485cea50d1cbac27 -> 
  custom:video-encoder-webm-vp8: eb34c28f22e8b96e1ab97ce403110664 -> 
  custom:video-decoder-webm-vp8: 9c59270c3fd7afecdb556c50c9e8de78 -> 
  custom:audio-decoder-ogg-vorbis: bf7c407c2cedff20999df2af8eb42d56 -> 
  custom:audio-encoder-webm-vorbis: bf7c407c2cedff20999df2af8eb42d56 -> 
========================================================================
Received Import Request.
  Time since last request: 115.883662 seconds.
  path: Assets/_Donkey Poker
  artifactKey: Guid(668b4220bf088e245bcf1b10fd71124c) Importer(815301076,1909f56bfc062723c751e8b465ee728b)
Start importing Assets/_Donkey Poker using Guid(668b4220bf088e245bcf1b10fd71124c) Importer(815301076,1909f56bfc062723c751e8b465ee728b)  -> (artifact id: '023c7dea2dfb583ec25bc602349fe085') in 0.003730 seconds 
  Import took 0.006508 seconds .

========================================================================
Received Import Request.
  Time since last request: 0.371910 seconds.
  path: Assets/_Donkey Poker/Models
  artifactKey: Guid(837dad88587910a499520dfe6f755423) Importer(815301076,1909f56bfc062723c751e8b465ee728b)
Start importing Assets/_Donkey Poker/Models using Guid(837dad88587910a499520dfe6f755423) Importer(815301076,1909f56bfc062723c751e8b465ee728b)  -> (artifact id: '3b1e48030ba02d5f17caafd50c0462ad') in 0.001149 seconds 
  Import took 0.003607 seconds .

========================================================================
Received Import Request.
  Time since last request: 0.396360 seconds.
  path: Assets/_Donkey Poker/Models/materials
  artifactKey: Guid(b2b1be6f32d011a4ba98b7f42d2b8e94) Importer(815301076,1909f56bfc062723c751e8b465ee728b)
Start importing Assets/_Donkey Poker/Models/materials using Guid(b2b1be6f32d011a4ba98b7f42d2b8e94) Importer(815301076,1909f56bfc062723c751e8b465ee728b)  -> (artifact id: '92fd9816996f35dedac05c2696a9af95') in 0.001099 seconds 
  Import took 0.003500 seconds .

========================================================================
Received Import Request.
  Time since last request: 0.235626 seconds.
  path: Assets/_Donkey Poker/Models/textures
  artifactKey: Guid(da99f0149726a944f9ff62801ff396c4) Importer(815301076,1909f56bfc062723c751e8b465ee728b)
Start importing Assets/_Donkey Poker/Models/textures using Guid(da99f0149726a944f9ff62801ff396c4) Importer(815301076,1909f56bfc062723c751e8b465ee728b)  -> (artifact id: '68bae94beddbb12d522b413c783becb2') in 0.001278 seconds 
  Import took 0.003858 seconds .

========================================================================
Received Import Request.
  Time since last request: 0.216115 seconds.
  path: Assets/_Donkey Poker/Models/Poker Table.fbx
  artifactKey: Guid(6c0948bceadd19b41bb423a0a00912e3) Importer(815301076,1909f56bfc062723c751e8b465ee728b)
Start importing Assets/_Donkey Poker/Models/Poker Table.fbx using Guid(6c0948bceadd19b41bb423a0a00912e3) Importer(815301076,1909f56bfc062723c751e8b465ee728b)  -> (artifact id: '1ddcd3b10daac4e1c9504827b6a9e904') in 0.091917 seconds 
  Import took 0.094815 seconds .

========================================================================
Received Import Request.
  Time since last request: 0.395030 seconds.
  path: Assets/_Donkey Poker/Models/tables.fbx
  artifactKey: Guid(f0f82674f74c8b140b2da21ef42f4b15) Importer(815301076,1909f56bfc062723c751e8b465ee728b)
Start importing Assets/_Donkey Poker/Models/tables.fbx using Guid(f0f82674f74c8b140b2da21ef42f4b15) Importer(815301076,1909f56bfc062723c751e8b465ee728b)  -> (artifact id: 'abb96f8341ed8de267460aede5bd2177') in 0.046434 seconds 
  Import took 0.049126 seconds .

========================================================================
Received Import Request.
  Time since last request: 7.718994 seconds.
  path: Assets/_Donkey Poker/Models/Poker Table.fbx
  artifactKey: Guid(6c0948bceadd19b41bb423a0a00912e3) Importer(815301076,1909f56bfc062723c751e8b465ee728b)
Start importing Assets/_Donkey Poker/Models/Poker Table.fbx using Guid(6c0948bceadd19b41bb423a0a00912e3) Importer(815301076,1909f56bfc062723c751e8b465ee728b)  -> (artifact id: '77e4f17f252ec3dc77d7f4036c2fb0f6') in 0.024001 seconds 
  Import took 0.026732 seconds .

========================================================================
Received Import Request.
  Time since last request: 17.610878 seconds.
  path: Assets/_Donkey Poker/Models/tables.fbx
  artifactKey: Guid(f0f82674f74c8b140b2da21ef42f4b15) Importer(815301076,1909f56bfc062723c751e8b465ee728b)
Start importing Assets/_Donkey Poker/Models/tables.fbx using Guid(f0f82674f74c8b140b2da21ef42f4b15) Importer(815301076,1909f56bfc062723c751e8b465ee728b)  -> (artifact id: '8090bc309e1164ccb226f1aace748e40') in 0.036714 seconds 
  Import took 0.039664 seconds .

========================================================================
Received Import Request.
  Time since last request: 4.390697 seconds.
  path: Assets/_Donkey Poker/Models/tables.fbx
  artifactKey: Guid(f0f82674f74c8b140b2da21ef42f4b15) Importer(815301076,1909f56bfc062723c751e8b465ee728b)
Start importing Assets/_Donkey Poker/Models/tables.fbx using Guid(f0f82674f74c8b140b2da21ef42f4b15) Importer(815301076,1909f56bfc062723c751e8b465ee728b)  -> (artifact id: '461cc44252935d6c06de3acee96fac8f') in 0.037167 seconds 
  Import took 0.040042 seconds .

========================================================================
Received Prepare
Registering precompiled user dll's ...
Registered in 0.002388 seconds.
Begin MonoManager ReloadAssembly
Native extension for WindowsStandalone target not found
Native extension for WebGL target not found
Refreshing native plugins compatible for Editor in 0.50 ms, found 2 plugins.
Preloading 0 native plugins for Editor in 0.00 ms.
Mono: successfully reloaded assembly
- Completed reload, in  0.727 seconds
Domain Reload Profiling:
	ReloadAssembly (727ms)
		BeginReloadAssembly (93ms)
			ExecutionOrderSort (0ms)
			DisableScriptedObjects (3ms)
			BackupInstance (0ms)
			ReleaseScriptingObjects (0ms)
			CreateAndSetChildDomain (31ms)
		EndReloadAssembly (592ms)
			LoadAssemblies (61ms)
			RebuildTransferFunctionScriptingTraits (0ms)
			SetupTypeCache (209ms)
			ReleaseScriptCaches (1ms)
			RebuildScriptCaches (32ms)
			SetupLoadedEditorAssemblies (221ms)
				LogAssemblyErrors (0ms)
				InitializePlatformSupportModulesInManaged (5ms)
				SetLoadedEditorAssemblies (0ms)
				RefreshPlugins (1ms)
				BeforeProcessingInitializeOnLoad (65ms)
				ProcessInitializeOnLoadAttributes (140ms)
				ProcessInitializeOnLoadMethodAttributes (9ms)
				AfterProcessingInitializeOnLoad (1ms)
				EditorAssembliesLoaded (0ms)
			ExecutionOrderSort2 (0ms)
			AwakeInstancesAfterBackupRestoration (5ms)
Platform modules already initialized, skipping
Refreshing native plugins compatible for Editor in 0.44 ms, found 2 plugins.
Preloading 0 native plugins for Editor in 0.00 ms.
Unloading 1811 Unused Serialized files (Serialized files now loaded: 0)
System memory in use before: 83.0 MB.
System memory in use after: 83.1 MB.

Unloading 19 unused Assets to reduce memory usage. Loaded Objects now: 2353.
Total: 2.440100 ms (FindLiveObjects: 0.141700 ms CreateObjectMapping: 0.032300 ms MarkObjects: 2.246100 ms  DeleteObjects: 0.018800 ms)

AssetImportParameters requested are different than current active one (requested -> active):
  custom:framework-win-MediaFoundation: 216162199b28c13a410421893ffa2e32 -> 
  custom:video-decoder-ogg-theora: a1e56fd34408186e4bbccfd4996cb3dc -> 
  custom:container-muxer-webm: aa71ff27fc2769a1b78a27578f13a17b -> 
  custom:container-demuxer-webm: 4f35f7cbe854078d1ac9338744f61a02 -> 
  custom:container-demuxer-ogg: 62fdf1f143b41e24485cea50d1cbac27 -> 
  custom:video-encoder-webm-vp8: eb34c28f22e8b96e1ab97ce403110664 -> 
  custom:video-decoder-webm-vp8: 9c59270c3fd7afecdb556c50c9e8de78 -> 
  custom:audio-decoder-ogg-vorbis: bf7c407c2cedff20999df2af8eb42d56 -> 
  custom:audio-encoder-webm-vorbis: bf7c407c2cedff20999df2af8eb42d56 -> 
========================================================================
Received Prepare
Refreshing native plugins compatible for Editor in 2.25 ms, found 2 plugins.
Preloading 0 native plugins for Editor in 0.00 ms.
Unloading 17 Unused Serialized files (Serialized files now loaded: 0)
System memory in use before: 47.5 MB.
System memory in use after: 47.6 MB.

Unloading 17 unused Assets to reduce memory usage. Loaded Objects now: 2353.
Total: 2.289900 ms (FindLiveObjects: 0.134200 ms CreateObjectMapping: 0.031600 ms MarkObjects: 2.110600 ms  DeleteObjects: 0.012100 ms)

AssetImportParameters requested are different than current active one (requested -> active):
  custom:framework-win-MediaFoundation: 216162199b28c13a410421893ffa2e32 -> 
  custom:video-decoder-ogg-theora: a1e56fd34408186e4bbccfd4996cb3dc -> 
  custom:container-muxer-webm: aa71ff27fc2769a1b78a27578f13a17b -> 
  custom:container-demuxer-webm: 4f35f7cbe854078d1ac9338744f61a02 -> 
  custom:container-demuxer-ogg: 62fdf1f143b41e24485cea50d1cbac27 -> 
  custom:video-encoder-webm-vp8: eb34c28f22e8b96e1ab97ce403110664 -> 
  custom:video-decoder-webm-vp8: 9c59270c3fd7afecdb556c50c9e8de78 -> 
  custom:audio-decoder-ogg-vorbis: bf7c407c2cedff20999df2af8eb42d56 -> 
  custom:audio-encoder-webm-vorbis: bf7c407c2cedff20999df2af8eb42d56 -> 
========================================================================
Received Import Request.
  Time since last request: 184.343002 seconds.
  path: Assets/Poker/Scenes/Game.unity
  artifactKey: Guid(25b11a77b66f845c2ac2689603d8af47) Importer(815301076,1909f56bfc062723c751e8b465ee728b)
Start importing Assets/Poker/Scenes/Game.unity using Guid(25b11a77b66f845c2ac2689603d8af47) Importer(815301076,1909f56bfc062723c751e8b465ee728b)  -> (artifact id: 'e37f4807e8b3490c1f5252178a1bb247') in 0.015802 seconds 
  Import took 0.020487 seconds .

========================================================================
Received Import Request.
  Time since last request: 0.723875 seconds.
  path: Assets/Poker/Scenes/Menu.unity
  artifactKey: Guid(8384f1eeba976410691cd1e7f980bec2) Importer(815301076,1909f56bfc062723c751e8b465ee728b)
Start importing Assets/Poker/Scenes/Menu.unity using Guid(8384f1eeba976410691cd1e7f980bec2) Importer(815301076,1909f56bfc062723c751e8b465ee728b)  -> (artifact id: '0bb1c112309f48e0b5be0e7dd2b2c217') in 0.002374 seconds 
  Import took 0.007573 seconds .

========================================================================
Received Prepare
Registering precompiled user dll's ...
Registered in 0.003474 seconds.
Begin MonoManager ReloadAssembly
Native extension for WindowsStandalone target not found
Native extension for WebGL target not found
Refreshing native plugins compatible for Editor in 0.47 ms, found 2 plugins.
Preloading 0 native plugins for Editor in 0.00 ms.
Mono: successfully reloaded assembly
- Completed reload, in  0.983 seconds
Domain Reload Profiling:
	ReloadAssembly (983ms)
		BeginReloadAssembly (115ms)
			ExecutionOrderSort (0ms)
			DisableScriptedObjects (4ms)
			BackupInstance (0ms)
			ReleaseScriptingObjects (0ms)
			CreateAndSetChildDomain (48ms)
		EndReloadAssembly (813ms)
			LoadAssemblies (81ms)
			RebuildTransferFunctionScriptingTraits (0ms)
			SetupTypeCache (294ms)
			ReleaseScriptCaches (1ms)
			RebuildScriptCaches (45ms)
			SetupLoadedEditorAssemblies (299ms)
				LogAssemblyErrors (0ms)
				InitializePlatformSupportModulesInManaged (6ms)
				SetLoadedEditorAssemblies (1ms)
				RefreshPlugins (1ms)
				BeforeProcessingInitializeOnLoad (89ms)
				ProcessInitializeOnLoadAttributes (189ms)
				ProcessInitializeOnLoadMethodAttributes (12ms)
				AfterProcessingInitializeOnLoad (2ms)
				EditorAssembliesLoaded (0ms)
			ExecutionOrderSort2 (0ms)
			AwakeInstancesAfterBackupRestoration (8ms)
Platform modules already initialized, skipping
Refreshing native plugins compatible for Editor in 1.09 ms, found 2 plugins.
Preloading 0 native plugins for Editor in 0.00 ms.
Unloading 1811 Unused Serialized files (Serialized files now loaded: 0)
System memory in use before: 83.0 MB.
System memory in use after: 83.1 MB.

Unloading 19 unused Assets to reduce memory usage. Loaded Objects now: 2356.
Total: 3.990600 ms (FindLiveObjects: 0.157600 ms CreateObjectMapping: 0.031400 ms MarkObjects: 3.715600 ms  DeleteObjects: 0.082000 ms)

AssetImportParameters requested are different than current active one (requested -> active):
  custom:framework-win-MediaFoundation: 216162199b28c13a410421893ffa2e32 -> 
  custom:video-decoder-ogg-theora: a1e56fd34408186e4bbccfd4996cb3dc -> 
  custom:container-muxer-webm: aa71ff27fc2769a1b78a27578f13a17b -> 
  custom:container-demuxer-webm: 4f35f7cbe854078d1ac9338744f61a02 -> 
  custom:container-demuxer-ogg: 62fdf1f143b41e24485cea50d1cbac27 -> 
  custom:video-encoder-webm-vp8: eb34c28f22e8b96e1ab97ce403110664 -> 
  custom:video-decoder-webm-vp8: 9c59270c3fd7afecdb556c50c9e8de78 -> 
  custom:audio-decoder-ogg-vorbis: bf7c407c2cedff20999df2af8eb42d56 -> 
  custom:audio-encoder-webm-vorbis: bf7c407c2cedff20999df2af8eb42d56 -> 
========================================================================
Received Prepare
Registering precompiled user dll's ...
Registered in 0.003672 seconds.
Begin MonoManager ReloadAssembly
Native extension for WindowsStandalone target not found
Native extension for WebGL target not found
Refreshing native plugins compatible for Editor in 0.47 ms, found 2 plugins.
Preloading 0 native plugins for Editor in 0.00 ms.
Mono: successfully reloaded assembly
- Completed reload, in  0.761 seconds
Domain Reload Profiling:
	ReloadAssembly (762ms)
		BeginReloadAssembly (100ms)
			ExecutionOrderSort (0ms)
			DisableScriptedObjects (4ms)
			BackupInstance (0ms)
			ReleaseScriptingObjects (0ms)
			CreateAndSetChildDomain (36ms)
		EndReloadAssembly (616ms)
			LoadAssemblies (70ms)
			RebuildTransferFunctionScriptingTraits (0ms)
			SetupTypeCache (203ms)
			ReleaseScriptCaches (1ms)
			RebuildScriptCaches (32ms)
			SetupLoadedEditorAssemblies (248ms)
				LogAssemblyErrors (0ms)
				InitializePlatformSupportModulesInManaged (5ms)
				SetLoadedEditorAssemblies (0ms)
				RefreshPlugins (1ms)
				BeforeProcessingInitializeOnLoad (72ms)
				ProcessInitializeOnLoadAttributes (161ms)
				ProcessInitializeOnLoadMethodAttributes (8ms)
				AfterProcessingInitializeOnLoad (1ms)
				EditorAssembliesLoaded (0ms)
			ExecutionOrderSort2 (0ms)
			AwakeInstancesAfterBackupRestoration (6ms)
Platform modules already initialized, skipping
Refreshing native plugins compatible for Editor in 0.41 ms, found 2 plugins.
Preloading 0 native plugins for Editor in 0.00 ms.
Unloading 1811 Unused Serialized files (Serialized files now loaded: 0)
System memory in use before: 83.0 MB.
System memory in use after: 83.1 MB.

Unloading 19 unused Assets to reduce memory usage. Loaded Objects now: 2359.
Total: 2.419200 ms (FindLiveObjects: 0.138700 ms CreateObjectMapping: 0.032400 ms MarkObjects: 2.228000 ms  DeleteObjects: 0.018700 ms)

AssetImportParameters requested are different than current active one (requested -> active):
  custom:framework-win-MediaFoundation: 216162199b28c13a410421893ffa2e32 -> 
  custom:video-decoder-ogg-theora: a1e56fd34408186e4bbccfd4996cb3dc -> 
  custom:container-muxer-webm: aa71ff27fc2769a1b78a27578f13a17b -> 
  custom:container-demuxer-webm: 4f35f7cbe854078d1ac9338744f61a02 -> 
  custom:container-demuxer-ogg: 62fdf1f143b41e24485cea50d1cbac27 -> 
  custom:video-encoder-webm-vp8: eb34c28f22e8b96e1ab97ce403110664 -> 
  custom:video-decoder-webm-vp8: 9c59270c3fd7afecdb556c50c9e8de78 -> 
  custom:audio-decoder-ogg-vorbis: bf7c407c2cedff20999df2af8eb42d56 -> 
  custom:audio-encoder-webm-vorbis: bf7c407c2cedff20999df2af8eb42d56 -> 
========================================================================
Received Import Request.
  Time since last request: 39.566519 seconds.
  path: Assets/Poker/Meshes/CardsDeck.fbx
  artifactKey: Guid(6447506b75dd247c3bbf064bd0747c8c) Importer(815301076,1909f56bfc062723c751e8b465ee728b)
Start importing Assets/Poker/Meshes/CardsDeck.fbx using Guid(6447506b75dd247c3bbf064bd0747c8c) Importer(815301076,1909f56bfc062723c751e8b465ee728b)  -> (artifact id: '93c7a2d370df6949f65ad9f652d1835c') in 0.073089 seconds 
  Import took 0.075717 seconds .

========================================================================
Received Import Request.
  Time since last request: 3.584129 seconds.
  path: Assets/Poker/Meshes/Chip.fbx
  artifactKey: Guid(cf6d67a489b0e44b58747e9441ee70ff) Importer(815301076,1909f56bfc062723c751e8b465ee728b)
Start importing Assets/Poker/Meshes/Chip.fbx using Guid(cf6d67a489b0e44b58747e9441ee70ff) Importer(815301076,1909f56bfc062723c751e8b465ee728b)  -> (artifact id: '1275166a5b60cb58e518b6b6dcdad8d3') in 0.041288 seconds 
  Import took 0.043914 seconds .

========================================================================
Received Import Request.
  Time since last request: 0.555073 seconds.
  path: Assets/Poker/Meshes/Room.fbx
  artifactKey: Guid(6e8fad2bd45e8466d80ac8827d476f40) Importer(815301076,1909f56bfc062723c751e8b465ee728b)
Start importing Assets/Poker/Meshes/Room.fbx using Guid(6e8fad2bd45e8466d80ac8827d476f40) Importer(815301076,1909f56bfc062723c751e8b465ee728b)  -> (artifact id: '18f0d353f6a7850de7e52d6098a1d30c') in 0.038710 seconds 
  Import took 0.041315 seconds .

========================================================================
Received Import Request.
  Time since last request: 3.598163 seconds.
  path: Assets/Poker/Meshes/Table.fbx
  artifactKey: Guid(5b6afff3ab0b54a3da51a5445ce37fa4) Importer(815301076,1909f56bfc062723c751e8b465ee728b)
Start importing Assets/Poker/Meshes/Table.fbx using Guid(5b6afff3ab0b54a3da51a5445ce37fa4) Importer(815301076,1909f56bfc062723c751e8b465ee728b)  -> (artifact id: '613b04103fbcdbd67d6b79eca0e7c09e') in 0.022495 seconds 
  Import took 0.025167 seconds .

========================================================================
Received Import Request.
  Time since last request: 4.581030 seconds.
  path: Assets/Poker/Materials/Cards
  artifactKey: Guid(bf6e2e48768824806ab787a461e74e23) Importer(815301076,1909f56bfc062723c751e8b465ee728b)
Start importing Assets/Poker/Materials/Cards using Guid(bf6e2e48768824806ab787a461e74e23) Importer(815301076,1909f56bfc062723c751e8b465ee728b)  -> (artifact id: '0f37cb00c9f8c906e481b44d1af235be') in 0.001295 seconds 
  Import took 0.003815 seconds .

========================================================================
Received Import Request.
  Time since last request: 42.953405 seconds.
  path: Assets/Poker/Textures/CardsDeck.png
  artifactKey: Guid(a50ee4cde9f384f2bba924bbdf624abb) Importer(815301076,1909f56bfc062723c751e8b465ee728b)
Start importing Assets/Poker/Textures/CardsDeck.png using Guid(a50ee4cde9f384f2bba924bbdf624abb) Importer(815301076,1909f56bfc062723c751e8b465ee728b)  -> (artifact id: '1466138c24b7ebac8a8efdf523986189') in 0.078962 seconds 
  Import took 0.083712 seconds .

========================================================================
Received Import Request.
  Time since last request: 4.879207 seconds.
  path: Assets/Poker/Textures/CardsDeck - Backup.png
  artifactKey: Guid(24dd87a7c4c05b34e991404a2df9144e) Importer(815301076,1909f56bfc062723c751e8b465ee728b)
Start importing Assets/Poker/Textures/CardsDeck - Backup.png using Guid(24dd87a7c4c05b34e991404a2df9144e) Importer(815301076,1909f56bfc062723c751e8b465ee728b)  -> (artifact id: 'b5d7074d80c241b1fcec42b5160f70e4') in 0.013960 seconds 
  Import took 0.016619 seconds .

========================================================================
Received Import Request.
  Time since last request: 8.498593 seconds.
  path: Assets/Poker/Sprites/CardsDeck - Backup.png
  artifactKey: Guid(76f6dca2e836d8143b0c0ab59aaa93ee) Importer(815301076,1909f56bfc062723c751e8b465ee728b)
Start importing Assets/Poker/Sprites/CardsDeck - Backup.png using Guid(76f6dca2e836d8143b0c0ab59aaa93ee) Importer(815301076,1909f56bfc062723c751e8b465ee728b)  -> (artifact id: 'ab84b8a0cd95ee5b87bbd0d42ca16e83') in 0.008833 seconds 
  Import took 0.011429 seconds .

========================================================================
Received Prepare
Refreshing native plugins compatible for Editor in 2.77 ms, found 2 plugins.
Preloading 0 native plugins for Editor in 0.00 ms.
Unloading 17 Unused Serialized files (Serialized files now loaded: 0)
System memory in use before: 47.7 MB.
System memory in use after: 47.8 MB.

Unloading 18 unused Assets to reduce memory usage. Loaded Objects now: 2361.
Total: 4.130800 ms (FindLiveObjects: 0.156600 ms CreateObjectMapping: 0.031600 ms MarkObjects: 3.914800 ms  DeleteObjects: 0.026600 ms)

AssetImportParameters requested are different than current active one (requested -> active):
  custom:framework-win-MediaFoundation: 216162199b28c13a410421893ffa2e32 -> 
  custom:video-decoder-ogg-theora: a1e56fd34408186e4bbccfd4996cb3dc -> 
  custom:container-muxer-webm: aa71ff27fc2769a1b78a27578f13a17b -> 
  custom:container-demuxer-webm: 4f35f7cbe854078d1ac9338744f61a02 -> 
  custom:container-demuxer-ogg: 62fdf1f143b41e24485cea50d1cbac27 -> 
  custom:video-encoder-webm-vp8: eb34c28f22e8b96e1ab97ce403110664 -> 
  custom:video-decoder-webm-vp8: 9c59270c3fd7afecdb556c50c9e8de78 -> 
  custom:audio-decoder-ogg-vorbis: bf7c407c2cedff20999df2af8eb42d56 -> 
  custom:audio-encoder-webm-vorbis: bf7c407c2cedff20999df2af8eb42d56 -> 
========================================================================
Received Import Request.
  Time since last request: 123.143342 seconds.
  path: Assets/Poker/Materials/Chips
  artifactKey: Guid(3a52167f3e9334e8b90552b30a55cca8) Importer(815301076,1909f56bfc062723c751e8b465ee728b)
Start importing Assets/Poker/Materials/Chips using Guid(3a52167f3e9334e8b90552b30a55cca8) Importer(815301076,1909f56bfc062723c751e8b465ee728b)  -> (artifact id: '65870697d7874daa466fd19841ed3061') in 0.001503 seconds 
  Import took 0.007272 seconds .

========================================================================
Received Import Request.
  Time since last request: 0.717764 seconds.
  path: Assets/Poker/Materials/Player
  artifactKey: Guid(c751bc1c0b43b419a93e48056c54fc10) Importer(815301076,1909f56bfc062723c751e8b465ee728b)
Start importing Assets/Poker/Materials/Player using Guid(c751bc1c0b43b419a93e48056c54fc10) Importer(815301076,1909f56bfc062723c751e8b465ee728b)  -> (artifact id: '09d6df38b8cd9593619c785cd0e7ec1f') in 0.001324 seconds 
  Import took 0.005751 seconds .

========================================================================
Received Import Request.
  Time since last request: 0.448659 seconds.
  path: Assets/Poker/Materials/Room
  artifactKey: Guid(3317788e847c740ccbd99187814edcf9) Importer(815301076,1909f56bfc062723c751e8b465ee728b)
Start importing Assets/Poker/Materials/Room using Guid(3317788e847c740ccbd99187814edcf9) Importer(815301076,1909f56bfc062723c751e8b465ee728b)  -> (artifact id: 'd02ca91ec467e02472b6ce74291ea3cf') in 0.002244 seconds 
  Import took 0.006150 seconds .

========================================================================
Received Import Request.
  Time since last request: 0.275623 seconds.
  path: Assets/Poker/Materials/Table
  artifactKey: Guid(4bc1d613ae5124ed398767c96cf37039) Importer(815301076,1909f56bfc062723c751e8b465ee728b)
Start importing Assets/Poker/Materials/Table using Guid(4bc1d613ae5124ed398767c96cf37039) Importer(815301076,1909f56bfc062723c751e8b465ee728b)  -> (artifact id: '805bef8a6c1f5148ea3825c398613919') in 0.002602 seconds 
  Import took 0.006301 seconds .

========================================================================
Received Import Request.
  Time since last request: 7.088234 seconds.
  path: Assets/Poker/Scenes/Game2D.unity
  artifactKey: Guid(2d033122450a1415391b3ce0222572db) Importer(815301076,1909f56bfc062723c751e8b465ee728b)
Start importing Assets/Poker/Scenes/Game2D.unity using Guid(2d033122450a1415391b3ce0222572db) Importer(815301076,1909f56bfc062723c751e8b465ee728b)  -> (artifact id: 'b19789cffd4dd44a54a954a46979a634') in 0.005322 seconds 
  Import took 0.009428 seconds .

========================================================================
Received Import Request.
  Time since last request: 0.352501 seconds.
  path: Assets/Poker/Scenes/GameSettings.lighting
  artifactKey: Guid(8aa1e500fa4418249a1a0938f8f4224a) Importer(815301076,1909f56bfc062723c751e8b465ee728b)
Start importing Assets/Poker/Scenes/GameSettings.lighting using Guid(8aa1e500fa4418249a1a0938f8f4224a) Importer(815301076,1909f56bfc062723c751e8b465ee728b)  -> (artifact id: '20ea42bbbdd4e5cb02ed70a0ca76bc89') in 0.003389 seconds 
  Import took 0.009073 seconds .

========================================================================
Received Prepare
Registering precompiled user dll's ...
Registered in 0.003242 seconds.
Begin MonoManager ReloadAssembly
Native extension for WindowsStandalone target not found
Native extension for WebGL target not found
Refreshing native plugins compatible for Editor in 0.81 ms, found 2 plugins.
Preloading 0 native plugins for Editor in 0.00 ms.
Mono: successfully reloaded assembly
- Completed reload, in  0.972 seconds
Domain Reload Profiling:
	ReloadAssembly (973ms)
		BeginReloadAssembly (122ms)
			ExecutionOrderSort (0ms)
			DisableScriptedObjects (4ms)
			BackupInstance (0ms)
			ReleaseScriptingObjects (0ms)
			CreateAndSetChildDomain (49ms)
		EndReloadAssembly (799ms)
			LoadAssemblies (85ms)
			RebuildTransferFunctionScriptingTraits (0ms)
			SetupTypeCache (274ms)
			ReleaseScriptCaches (1ms)
			RebuildScriptCaches (48ms)
			SetupLoadedEditorAssemblies (304ms)
				LogAssemblyErrors (0ms)
				InitializePlatformSupportModulesInManaged (6ms)
				SetLoadedEditorAssemblies (1ms)
				RefreshPlugins (1ms)
				BeforeProcessingInitializeOnLoad (90ms)
				ProcessInitializeOnLoadAttributes (193ms)
				ProcessInitializeOnLoadMethodAttributes (12ms)
				AfterProcessingInitializeOnLoad (2ms)
				EditorAssembliesLoaded (0ms)
			ExecutionOrderSort2 (0ms)
			AwakeInstancesAfterBackupRestoration (7ms)
Platform modules already initialized, skipping
Refreshing native plugins compatible for Editor in 1.49 ms, found 2 plugins.
Preloading 0 native plugins for Editor in 0.00 ms.
Unloading 1811 Unused Serialized files (Serialized files now loaded: 0)
System memory in use before: 83.3 MB.
System memory in use after: 83.4 MB.

Unloading 19 unused Assets to reduce memory usage. Loaded Objects now: 2364.
Total: 4.264200 ms (FindLiveObjects: 0.250100 ms CreateObjectMapping: 0.077500 ms MarkObjects: 3.903100 ms  DeleteObjects: 0.030600 ms)

AssetImportParameters requested are different than current active one (requested -> active):
  custom:framework-win-MediaFoundation: 216162199b28c13a410421893ffa2e32 -> 
  custom:video-decoder-ogg-theora: a1e56fd34408186e4bbccfd4996cb3dc -> 
  custom:container-muxer-webm: aa71ff27fc2769a1b78a27578f13a17b -> 
  custom:container-demuxer-webm: 4f35f7cbe854078d1ac9338744f61a02 -> 
  custom:container-demuxer-ogg: 62fdf1f143b41e24485cea50d1cbac27 -> 
  custom:video-encoder-webm-vp8: eb34c28f22e8b96e1ab97ce403110664 -> 
  custom:video-decoder-webm-vp8: 9c59270c3fd7afecdb556c50c9e8de78 -> 
  custom:audio-decoder-ogg-vorbis: bf7c407c2cedff20999df2af8eb42d56 -> 
  custom:audio-encoder-webm-vorbis: bf7c407c2cedff20999df2af8eb42d56 -> 
========================================================================
Received Prepare
Registering precompiled user dll's ...
Registered in 0.003562 seconds.
Begin MonoManager ReloadAssembly
Native extension for WindowsStandalone target not found
Native extension for WebGL target not found
Refreshing native plugins compatible for Editor in 0.51 ms, found 2 plugins.
Preloading 0 native plugins for Editor in 0.00 ms.
Mono: successfully reloaded assembly
- Completed reload, in  0.792 seconds
Domain Reload Profiling:
	ReloadAssembly (793ms)
		BeginReloadAssembly (88ms)
			ExecutionOrderSort (0ms)
			DisableScriptedObjects (3ms)
			BackupInstance (0ms)
			ReleaseScriptingObjects (0ms)
			CreateAndSetChildDomain (29ms)
		EndReloadAssembly (659ms)
			LoadAssemblies (65ms)
			RebuildTransferFunctionScriptingTraits (0ms)
			SetupTypeCache (226ms)
			ReleaseScriptCaches (1ms)
			RebuildScriptCaches (44ms)
			SetupLoadedEditorAssemblies (247ms)
				LogAssemblyErrors (0ms)
				InitializePlatformSupportModulesInManaged (7ms)
				SetLoadedEditorAssemblies (0ms)
				RefreshPlugins (1ms)
				BeforeProcessingInitializeOnLoad (72ms)
				ProcessInitializeOnLoadAttributes (155ms)
				ProcessInitializeOnLoadMethodAttributes (10ms)
				AfterProcessingInitializeOnLoad (2ms)
				EditorAssembliesLoaded (0ms)
			ExecutionOrderSort2 (0ms)
			AwakeInstancesAfterBackupRestoration (6ms)
Platform modules already initialized, skipping
Refreshing native plugins compatible for Editor in 0.47 ms, found 2 plugins.
Preloading 0 native plugins for Editor in 0.00 ms.
Unloading 1811 Unused Serialized files (Serialized files now loaded: 0)
System memory in use before: 83.3 MB.
System memory in use after: 83.4 MB.

Unloading 19 unused Assets to reduce memory usage. Loaded Objects now: 2367.
Total: 2.358200 ms (FindLiveObjects: 0.140700 ms CreateObjectMapping: 0.031500 ms MarkObjects: 2.167100 ms  DeleteObjects: 0.017800 ms)

AssetImportParameters requested are different than current active one (requested -> active):
  custom:framework-win-MediaFoundation: 216162199b28c13a410421893ffa2e32 -> 
  custom:video-decoder-ogg-theora: a1e56fd34408186e4bbccfd4996cb3dc -> 
  custom:container-muxer-webm: aa71ff27fc2769a1b78a27578f13a17b -> 
  custom:container-demuxer-webm: 4f35f7cbe854078d1ac9338744f61a02 -> 
  custom:container-demuxer-ogg: 62fdf1f143b41e24485cea50d1cbac27 -> 
  custom:video-encoder-webm-vp8: eb34c28f22e8b96e1ab97ce403110664 -> 
  custom:video-decoder-webm-vp8: 9c59270c3fd7afecdb556c50c9e8de78 -> 
  custom:audio-decoder-ogg-vorbis: bf7c407c2cedff20999df2af8eb42d56 -> 
  custom:audio-encoder-webm-vorbis: bf7c407c2cedff20999df2af8eb42d56 -> 
========================================================================
Received Prepare
Refreshing native plugins compatible for Editor in 3.35 ms, found 2 plugins.
Preloading 0 native plugins for Editor in 0.00 ms.
Unloading 17 Unused Serialized files (Serialized files now loaded: 0)
System memory in use before: 47.8 MB.
System memory in use after: 47.9 MB.

Unloading 17 unused Assets to reduce memory usage. Loaded Objects now: 2367.
Total: 2.723300 ms (FindLiveObjects: 0.133000 ms CreateObjectMapping: 0.031500 ms MarkObjects: 2.541600 ms  DeleteObjects: 0.016200 ms)

AssetImportParameters requested are different than current active one (requested -> active):
  custom:framework-win-MediaFoundation: 216162199b28c13a410421893ffa2e32 -> 
  custom:video-decoder-ogg-theora: a1e56fd34408186e4bbccfd4996cb3dc -> 
  custom:container-muxer-webm: aa71ff27fc2769a1b78a27578f13a17b -> 
  custom:container-demuxer-webm: 4f35f7cbe854078d1ac9338744f61a02 -> 
  custom:container-demuxer-ogg: 62fdf1f143b41e24485cea50d1cbac27 -> 
  custom:video-encoder-webm-vp8: eb34c28f22e8b96e1ab97ce403110664 -> 
  custom:video-decoder-webm-vp8: 9c59270c3fd7afecdb556c50c9e8de78 -> 
  custom:audio-decoder-ogg-vorbis: bf7c407c2cedff20999df2af8eb42d56 -> 
  custom:audio-encoder-webm-vorbis: bf7c407c2cedff20999df2af8eb42d56 -> 
========================================================================
Received Prepare
Registering precompiled user dll's ...
Registered in 0.003148 seconds.
Begin MonoManager ReloadAssembly
Native extension for WindowsStandalone target not found
Native extension for WebGL target not found
Refreshing native plugins compatible for Editor in 0.59 ms, found 2 plugins.
Preloading 0 native plugins for Editor in 0.00 ms.
Mono: successfully reloaded assembly
- Completed reload, in  0.779 seconds
Domain Reload Profiling:
	ReloadAssembly (779ms)
		BeginReloadAssembly (97ms)
			ExecutionOrderSort (0ms)
			DisableScriptedObjects (3ms)
			BackupInstance (0ms)
			ReleaseScriptingObjects (0ms)
			CreateAndSetChildDomain (28ms)
		EndReloadAssembly (632ms)
			LoadAssemblies (76ms)
			RebuildTransferFunctionScriptingTraits (0ms)
			SetupTypeCache (225ms)
			ReleaseScriptCaches (1ms)
			RebuildScriptCaches (38ms)
			SetupLoadedEditorAssemblies (237ms)
				LogAssemblyErrors (0ms)
				InitializePlatformSupportModulesInManaged (5ms)
				SetLoadedEditorAssemblies (0ms)
				RefreshPlugins (1ms)
				BeforeProcessingInitializeOnLoad (72ms)
				ProcessInitializeOnLoadAttributes (149ms)
				ProcessInitializeOnLoadMethodAttributes (8ms)
				AfterProcessingInitializeOnLoad (1ms)
				EditorAssembliesLoaded (0ms)
			ExecutionOrderSort2 (0ms)
			AwakeInstancesAfterBackupRestoration (6ms)
Platform modules already initialized, skipping
Refreshing native plugins compatible for Editor in 0.41 ms, found 2 plugins.
Preloading 0 native plugins for Editor in 0.00 ms.
Unloading 1811 Unused Serialized files (Serialized files now loaded: 0)
System memory in use before: 83.3 MB.
System memory in use after: 83.4 MB.

Unloading 19 unused Assets to reduce memory usage. Loaded Objects now: 2370.
Total: 3.443500 ms (FindLiveObjects: 0.256900 ms CreateObjectMapping: 0.065100 ms MarkObjects: 3.097000 ms  DeleteObjects: 0.021100 ms)

AssetImportParameters requested are different than current active one (requested -> active):
  custom:framework-win-MediaFoundation: 216162199b28c13a410421893ffa2e32 -> 
  custom:video-decoder-ogg-theora: a1e56fd34408186e4bbccfd4996cb3dc -> 
  custom:container-muxer-webm: aa71ff27fc2769a1b78a27578f13a17b -> 
  custom:container-demuxer-webm: 4f35f7cbe854078d1ac9338744f61a02 -> 
  custom:container-demuxer-ogg: 62fdf1f143b41e24485cea50d1cbac27 -> 
  custom:video-encoder-webm-vp8: eb34c28f22e8b96e1ab97ce403110664 -> 
  custom:video-decoder-webm-vp8: 9c59270c3fd7afecdb556c50c9e8de78 -> 
  custom:audio-decoder-ogg-vorbis: bf7c407c2cedff20999df2af8eb42d56 -> 
  custom:audio-encoder-webm-vorbis: bf7c407c2cedff20999df2af8eb42d56 -> 
========================================================================
Received Prepare
Refreshing native plugins compatible for Editor in 2.38 ms, found 2 plugins.
Preloading 0 native plugins for Editor in 0.00 ms.
Unloading 17 Unused Serialized files (Serialized files now loaded: 0)
System memory in use before: 47.8 MB.
System memory in use after: 47.9 MB.

Unloading 17 unused Assets to reduce memory usage. Loaded Objects now: 2370.
Total: 2.828600 ms (FindLiveObjects: 0.161700 ms CreateObjectMapping: 0.033800 ms MarkObjects: 2.595200 ms  DeleteObjects: 0.036900 ms)

AssetImportParameters requested are different than current active one (requested -> active):
  custom:framework-win-MediaFoundation: 216162199b28c13a410421893ffa2e32 -> 
  custom:video-decoder-ogg-theora: a1e56fd34408186e4bbccfd4996cb3dc -> 
  custom:container-muxer-webm: aa71ff27fc2769a1b78a27578f13a17b -> 
  custom:container-demuxer-webm: 4f35f7cbe854078d1ac9338744f61a02 -> 
  custom:container-demuxer-ogg: 62fdf1f143b41e24485cea50d1cbac27 -> 
  custom:video-encoder-webm-vp8: eb34c28f22e8b96e1ab97ce403110664 -> 
  custom:video-decoder-webm-vp8: 9c59270c3fd7afecdb556c50c9e8de78 -> 
  custom:audio-decoder-ogg-vorbis: bf7c407c2cedff20999df2af8eb42d56 -> 
  custom:audio-encoder-webm-vorbis: bf7c407c2cedff20999df2af8eb42d56 -> 
========================================================================
Received Prepare
Registering precompiled user dll's ...
Registered in 0.003404 seconds.
Begin MonoManager ReloadAssembly
Native extension for WindowsStandalone target not found
Native extension for WebGL target not found
Refreshing native plugins compatible for Editor in 0.58 ms, found 2 plugins.
Preloading 0 native plugins for Editor in 0.00 ms.
Mono: successfully reloaded assembly
- Completed reload, in  1.045 seconds
Domain Reload Profiling:
	ReloadAssembly (1045ms)
		BeginReloadAssembly (124ms)
			ExecutionOrderSort (0ms)
			DisableScriptedObjects (5ms)
			BackupInstance (0ms)
			ReleaseScriptingObjects (0ms)
			CreateAndSetChildDomain (48ms)
		EndReloadAssembly (861ms)
			LoadAssemblies (89ms)
			RebuildTransferFunctionScriptingTraits (0ms)
			SetupTypeCache (312ms)
			ReleaseScriptCaches (2ms)
			RebuildScriptCaches (47ms)
			SetupLoadedEditorAssemblies (320ms)
				LogAssemblyErrors (0ms)
				InitializePlatformSupportModulesInManaged (8ms)
				SetLoadedEditorAssemblies (1ms)
				RefreshPlugins (1ms)
				BeforeProcessingInitializeOnLoad (94ms)
				ProcessInitializeOnLoadAttributes (201ms)
				ProcessInitializeOnLoadMethodAttributes (12ms)
				AfterProcessingInitializeOnLoad (2ms)
				EditorAssembliesLoaded (0ms)
			ExecutionOrderSort2 (0ms)
			AwakeInstancesAfterBackupRestoration (7ms)
Platform modules already initialized, skipping
Refreshing native plugins compatible for Editor in 0.71 ms, found 2 plugins.
Preloading 0 native plugins for Editor in 0.00 ms.
Unloading 1811 Unused Serialized files (Serialized files now loaded: 0)
System memory in use before: 83.3 MB.
System memory in use after: 83.4 MB.

Unloading 19 unused Assets to reduce memory usage. Loaded Objects now: 2373.
Total: 4.237800 ms (FindLiveObjects: 0.625200 ms CreateObjectMapping: 0.085200 ms MarkObjects: 3.501400 ms  DeleteObjects: 0.022900 ms)

AssetImportParameters requested are different than current active one (requested -> active):
  custom:framework-win-MediaFoundation: 216162199b28c13a410421893ffa2e32 -> 
  custom:video-decoder-ogg-theora: a1e56fd34408186e4bbccfd4996cb3dc -> 
  custom:container-muxer-webm: aa71ff27fc2769a1b78a27578f13a17b -> 
  custom:container-demuxer-webm: 4f35f7cbe854078d1ac9338744f61a02 -> 
  custom:container-demuxer-ogg: 62fdf1f143b41e24485cea50d1cbac27 -> 
  custom:video-encoder-webm-vp8: eb34c28f22e8b96e1ab97ce403110664 -> 
  custom:video-decoder-webm-vp8: 9c59270c3fd7afecdb556c50c9e8de78 -> 
  custom:audio-decoder-ogg-vorbis: bf7c407c2cedff20999df2af8eb42d56 -> 
  custom:audio-encoder-webm-vorbis: bf7c407c2cedff20999df2af8eb42d56 -> 
========================================================================
Received Prepare
Refreshing native plugins compatible for Editor in 2.43 ms, found 2 plugins.
Preloading 0 native plugins for Editor in 0.00 ms.
Unloading 17 Unused Serialized files (Serialized files now loaded: 0)
System memory in use before: 47.8 MB.
System memory in use after: 47.9 MB.

Unloading 17 unused Assets to reduce memory usage. Loaded Objects now: 2373.
Total: 3.395200 ms (FindLiveObjects: 0.201300 ms CreateObjectMapping: 0.041500 ms MarkObjects: 3.132900 ms  DeleteObjects: 0.018100 ms)

AssetImportParameters requested are different than current active one (requested -> active):
  custom:framework-win-MediaFoundation: 216162199b28c13a410421893ffa2e32 -> 
  custom:video-decoder-ogg-theora: a1e56fd34408186e4bbccfd4996cb3dc -> 
  custom:container-muxer-webm: aa71ff27fc2769a1b78a27578f13a17b -> 
  custom:container-demuxer-webm: 4f35f7cbe854078d1ac9338744f61a02 -> 
  custom:container-demuxer-ogg: 62fdf1f143b41e24485cea50d1cbac27 -> 
  custom:video-encoder-webm-vp8: eb34c28f22e8b96e1ab97ce403110664 -> 
  custom:video-decoder-webm-vp8: 9c59270c3fd7afecdb556c50c9e8de78 -> 
  custom:audio-decoder-ogg-vorbis: bf7c407c2cedff20999df2af8eb42d56 -> 
  custom:audio-encoder-webm-vorbis: bf7c407c2cedff20999df2af8eb42d56 -> 
========================================================================
Received Import Request.
  Time since last request: 1051.681225 seconds.
  path: Assets/Poker/Scenes/Menu.unity
  artifactKey: Guid(8384f1eeba976410691cd1e7f980bec2) Importer(815301076,1909f56bfc062723c751e8b465ee728b)
Start importing Assets/Poker/Scenes/Menu.unity using Guid(8384f1eeba976410691cd1e7f980bec2) Importer(815301076,1909f56bfc062723c751e8b465ee728b)  -> (artifact id: '383e9171bf24adf687b6534e6bfd77c5') in 0.021715 seconds 
  Import took 0.024704 seconds .

========================================================================
Received Import Request.
  Time since last request: 0.488702 seconds.
  path: Assets/Poker/Scenes/Game.unity
  artifactKey: Guid(25b11a77b66f845c2ac2689603d8af47) Importer(815301076,1909f56bfc062723c751e8b465ee728b)
Start importing Assets/Poker/Scenes/Game.unity using Guid(25b11a77b66f845c2ac2689603d8af47) Importer(815301076,1909f56bfc062723c751e8b465ee728b)  -> (artifact id: 'b1db2973bc83f4104a5e9f3a26192e4c') in 0.001568 seconds 
  Import took 0.004079 seconds .

========================================================================
Received Import Request.
  Time since last request: 82.824172 seconds.
  path: Assets/Poker/Scenes/Photon.unity
  artifactKey: Guid(721ad8549c8d147e995d60c5d3bfcebb) Importer(815301076,1909f56bfc062723c751e8b465ee728b)
Start importing Assets/Poker/Scenes/Photon.unity using Guid(721ad8549c8d147e995d60c5d3bfcebb) Importer(815301076,1909f56bfc062723c751e8b465ee728b)  -> (artifact id: '441bc550a8c723b1d667d62ad7151020') in 0.001433 seconds 
  Import took 0.004729 seconds .

========================================================================
Received Import Request.
  Time since last request: 139.932430 seconds.
  path: Assets/Poker/Sprites/back_gold 1.png
  artifactKey: Guid(c4862cefadc8bf7499af39942f6dba63) Importer(815301076,1909f56bfc062723c751e8b465ee728b)
Start importing Assets/Poker/Sprites/back_gold 1.png using Guid(c4862cefadc8bf7499af39942f6dba63) Importer(815301076,1909f56bfc062723c751e8b465ee728b)  -> (artifact id: 'fb757d492e2a4d42ab964cb07ec43a8e') in 0.019301 seconds 
  Import took 0.022011 seconds .

========================================================================
Received Import Request.
  Time since last request: 40.643327 seconds.
  path: Assets/Poker/Sprites/Background.png
  artifactKey: Guid(7a55c7194f630422bad457a822a26cc2) Importer(815301076,1909f56bfc062723c751e8b465ee728b)
Start importing Assets/Poker/Sprites/Background.png using Guid(7a55c7194f630422bad457a822a26cc2) Importer(815301076,1909f56bfc062723c751e8b465ee728b)  -> (artifact id: 'a6c89335b1e7cebbbe8c83e5933a1e19') in 0.107509 seconds 
  Import took 0.110257 seconds .

========================================================================
Received Prepare
Registering precompiled user dll's ...
Registered in 0.002422 seconds.
Begin MonoManager ReloadAssembly
Native extension for WindowsStandalone target not found
Native extension for WebGL target not found
Refreshing native plugins compatible for Editor in 0.42 ms, found 2 plugins.
Preloading 0 native plugins for Editor in 0.00 ms.
Mono: successfully reloaded assembly
- Completed reload, in  0.702 seconds
Domain Reload Profiling:
	ReloadAssembly (703ms)
		BeginReloadAssembly (87ms)
			ExecutionOrderSort (0ms)
			DisableScriptedObjects (3ms)
			BackupInstance (0ms)
			ReleaseScriptingObjects (0ms)
			CreateAndSetChildDomain (31ms)
		EndReloadAssembly (574ms)
			LoadAssemblies (61ms)
			RebuildTransferFunctionScriptingTraits (0ms)
			SetupTypeCache (203ms)
			ReleaseScriptCaches (1ms)
			RebuildScriptCaches (31ms)
			SetupLoadedEditorAssemblies (214ms)
				LogAssemblyErrors (0ms)
				InitializePlatformSupportModulesInManaged (4ms)
				SetLoadedEditorAssemblies (0ms)
				RefreshPlugins (0ms)
				BeforeProcessingInitializeOnLoad (62ms)
				ProcessInitializeOnLoadAttributes (137ms)
				ProcessInitializeOnLoadMethodAttributes (9ms)
				AfterProcessingInitializeOnLoad (1ms)
				EditorAssembliesLoaded (0ms)
			ExecutionOrderSort2 (0ms)
			AwakeInstancesAfterBackupRestoration (5ms)
Platform modules already initialized, skipping
Refreshing native plugins compatible for Editor in 0.47 ms, found 2 plugins.
Preloading 0 native plugins for Editor in 0.00 ms.
Unloading 1811 Unused Serialized files (Serialized files now loaded: 0)
System memory in use before: 83.3 MB.
System memory in use after: 83.4 MB.

Unloading 19 unused Assets to reduce memory usage. Loaded Objects now: 2380.
Total: 2.400400 ms (FindLiveObjects: 0.135100 ms CreateObjectMapping: 0.034100 ms MarkObjects: 2.212500 ms  DeleteObjects: 0.017600 ms)

AssetImportParameters requested are different than current active one (requested -> active):
  custom:framework-win-MediaFoundation: 216162199b28c13a410421893ffa2e32 -> 
  custom:video-decoder-ogg-theora: a1e56fd34408186e4bbccfd4996cb3dc -> 
  custom:container-muxer-webm: aa71ff27fc2769a1b78a27578f13a17b -> 
  custom:container-demuxer-webm: 4f35f7cbe854078d1ac9338744f61a02 -> 
  custom:container-demuxer-ogg: 62fdf1f143b41e24485cea50d1cbac27 -> 
  custom:video-encoder-webm-vp8: eb34c28f22e8b96e1ab97ce403110664 -> 
  custom:video-decoder-webm-vp8: 9c59270c3fd7afecdb556c50c9e8de78 -> 
  custom:audio-decoder-ogg-vorbis: bf7c407c2cedff20999df2af8eb42d56 -> 
  custom:audio-encoder-webm-vorbis: bf7c407c2cedff20999df2af8eb42d56 -> 
========================================================================
Received Prepare
Registering precompiled user dll's ...
Registered in 0.002563 seconds.
Begin MonoManager ReloadAssembly
Native extension for WindowsStandalone target not found
Native extension for WebGL target not found
Refreshing native plugins compatible for Editor in 0.42 ms, found 2 plugins.
Preloading 0 native plugins for Editor in 0.00 ms.
Mono: successfully reloaded assembly
- Completed reload, in  0.786 seconds
Domain Reload Profiling:
	ReloadAssembly (786ms)
		BeginReloadAssembly (104ms)
			ExecutionOrderSort (0ms)
			DisableScriptedObjects (7ms)
			BackupInstance (0ms)
			ReleaseScriptingObjects (0ms)
			CreateAndSetChildDomain (31ms)
		EndReloadAssembly (639ms)
			LoadAssemblies (67ms)
			RebuildTransferFunctionScriptingTraits (0ms)
			SetupTypeCache (226ms)
			ReleaseScriptCaches (1ms)
			RebuildScriptCaches (34ms)
			SetupLoadedEditorAssemblies (236ms)
				LogAssemblyErrors (0ms)
				InitializePlatformSupportModulesInManaged (4ms)
				SetLoadedEditorAssemblies (0ms)
				RefreshPlugins (0ms)
				BeforeProcessingInitializeOnLoad (66ms)
				ProcessInitializeOnLoadAttributes (156ms)
				ProcessInitializeOnLoadMethodAttributes (8ms)
				AfterProcessingInitializeOnLoad (1ms)
				EditorAssembliesLoaded (0ms)
			ExecutionOrderSort2 (0ms)
			AwakeInstancesAfterBackupRestoration (5ms)
Platform modules already initialized, skipping
Refreshing native plugins compatible for Editor in 0.42 ms, found 2 plugins.
Preloading 0 native plugins for Editor in 0.00 ms.
Unloading 1811 Unused Serialized files (Serialized files now loaded: 0)
System memory in use before: 83.3 MB.
System memory in use after: 83.4 MB.

Unloading 19 unused Assets to reduce memory usage. Loaded Objects now: 2383.
Total: 3.056600 ms (FindLiveObjects: 0.130400 ms CreateObjectMapping: 0.029900 ms MarkObjects: 2.877200 ms  DeleteObjects: 0.018300 ms)

AssetImportParameters requested are different than current active one (requested -> active):
  custom:framework-win-MediaFoundation: 216162199b28c13a410421893ffa2e32 -> 
  custom:video-decoder-ogg-theora: a1e56fd34408186e4bbccfd4996cb3dc -> 
  custom:container-muxer-webm: aa71ff27fc2769a1b78a27578f13a17b -> 
  custom:container-demuxer-webm: 4f35f7cbe854078d1ac9338744f61a02 -> 
  custom:container-demuxer-ogg: 62fdf1f143b41e24485cea50d1cbac27 -> 
  custom:video-encoder-webm-vp8: eb34c28f22e8b96e1ab97ce403110664 -> 
  custom:video-decoder-webm-vp8: 9c59270c3fd7afecdb556c50c9e8de78 -> 
  custom:audio-decoder-ogg-vorbis: bf7c407c2cedff20999df2af8eb42d56 -> 
  custom:audio-encoder-webm-vorbis: bf7c407c2cedff20999df2af8eb42d56 -> 
========================================================================
Received Prepare
Refreshing native plugins compatible for Editor in 3.64 ms, found 2 plugins.
Preloading 0 native plugins for Editor in 0.00 ms.
Unloading 17 Unused Serialized files (Serialized files now loaded: 0)
System memory in use before: 47.9 MB.
System memory in use after: 48.0 MB.

Unloading 17 unused Assets to reduce memory usage. Loaded Objects now: 2383.
Total: 2.528800 ms (FindLiveObjects: 0.147500 ms CreateObjectMapping: 0.034400 ms MarkObjects: 2.331200 ms  DeleteObjects: 0.014800 ms)

AssetImportParameters requested are different than current active one (requested -> active):
  custom:framework-win-MediaFoundation: 216162199b28c13a410421893ffa2e32 -> 
  custom:video-decoder-ogg-theora: a1e56fd34408186e4bbccfd4996cb3dc -> 
  custom:container-muxer-webm: aa71ff27fc2769a1b78a27578f13a17b -> 
  custom:container-demuxer-webm: 4f35f7cbe854078d1ac9338744f61a02 -> 
  custom:container-demuxer-ogg: 62fdf1f143b41e24485cea50d1cbac27 -> 
  custom:video-encoder-webm-vp8: eb34c28f22e8b96e1ab97ce403110664 -> 
  custom:video-decoder-webm-vp8: 9c59270c3fd7afecdb556c50c9e8de78 -> 
  custom:audio-decoder-ogg-vorbis: bf7c407c2cedff20999df2af8eb42d56 -> 
  custom:audio-encoder-webm-vorbis: bf7c407c2cedff20999df2af8eb42d56 -> 
========================================================================
Received Prepare
Refreshing native plugins compatible for Editor in 2.49 ms, found 2 plugins.
Preloading 0 native plugins for Editor in 0.00 ms.
Unloading 17 Unused Serialized files (Serialized files now loaded: 0)
System memory in use before: 47.9 MB.
System memory in use after: 48.0 MB.

Unloading 17 unused Assets to reduce memory usage. Loaded Objects now: 2383.
Total: 3.241500 ms (FindLiveObjects: 0.165000 ms CreateObjectMapping: 0.031400 ms MarkObjects: 3.030200 ms  DeleteObjects: 0.014200 ms)

AssetImportParameters requested are different than current active one (requested -> active):
  custom:framework-win-MediaFoundation: 216162199b28c13a410421893ffa2e32 -> 
  custom:video-decoder-ogg-theora: a1e56fd34408186e4bbccfd4996cb3dc -> 
  custom:container-muxer-webm: aa71ff27fc2769a1b78a27578f13a17b -> 
  custom:container-demuxer-webm: 4f35f7cbe854078d1ac9338744f61a02 -> 
  custom:container-demuxer-ogg: 62fdf1f143b41e24485cea50d1cbac27 -> 
  custom:video-encoder-webm-vp8: eb34c28f22e8b96e1ab97ce403110664 -> 
  custom:video-decoder-webm-vp8: 9c59270c3fd7afecdb556c50c9e8de78 -> 
  custom:audio-decoder-ogg-vorbis: bf7c407c2cedff20999df2af8eb42d56 -> 
  custom:audio-encoder-webm-vorbis: bf7c407c2cedff20999df2af8eb42d56 -> 
